2025-03-17 21:33:35,954 - B\u1eaft ï¿½\u1ea7u hu\u1ea5n luy\u1ec7n mï¿½ h\xecnh
2025-03-17 21:34:11,219 - ï¿½ï¿½nh giï¿½ mï¿½ h\xecnh trï¿½n t\u1eadp test
pochs=10
2025-03-17 21:34:11,490 - Test Loss: 1.0075, Test Accuracy: 82.64%
2025-03-17 21:34:11,494 - Epoch 1: Train Accuracy: 50.17%, Validation Accuracy: 61.11%, Train Loss: 1.1050, Validation Loss: 0.6904
2025-03-17 21:34:11,494 - Epoch 2: Train Accuracy: 59.38%, Validation Accuracy: 57.64%, Train Loss: 0.6796, Validation Loss: 0.6586
2025-03-17 21:34:11,494 - Epoch 3: Train Accuracy: 70.83%, Validation Accuracy: 74.31%, Train Loss: 0.5423, Validation Loss: 0.5895
2025-03-17 21:34:11,494 - Epoch 4: Train Accuracy: 81.77%, Validation Accuracy: 73.61%, Train Loss: 0.4148, Validation Loss: 0.5936
2025-03-17 21:34:11,494 - Epoch 5: Train Accuracy: 88.37%, Validation Accuracy: 75.00%, Train Loss: 0.2866, Validation Loss: 0.6076
2025-03-17 21:34:11,494 - Epoch 6: Train Accuracy: 94.44%, Validation Accuracy: 74.31%, Train Loss: 0.1846, Validation Loss: 0.7491
2025-03-17 21:34:11,494 - Epoch 7: Train Accuracy: 96.01%, Validation Accuracy: 80.56%, Train Loss: 0.1117, Validation Loss: 0.7537
2025-03-17 21:34:11,494 - Epoch 8: Train Accuracy: 96.53%, Validation Accuracy: 83.33%, Train Loss: 0.1114, Validation Loss: 0.8796
2025-03-17 21:34:11,494 - Epoch 9: Train Accuracy: 98.78%, Validation Accuracy: 81.25%, Train Loss: 0.0621, Validation Loss: 0.9029
2025-03-17 21:34:11,494 - Epoch 10: Train Accuracy: 99.31%, Validation Accuracy: 82.64%, Train Loss: 0.0388, Validation Loss: 1.0075

2025-03-17 21:35:17,025 - B\u1eaft ï¿½\u1ea7u hu\u1ea5n luy\u1ec7n mï¿½ h\xecnh
2025-03-17 21:36:27,940 - ï¿½ï¿½nh giï¿½ mï¿½ h\xecnh trï¿½n t\u1eadp test
2025-03-17 21:36:28,231 - Test Loss: 0.9849, Test Accuracy: 84.72%
2025-03-17 21:36:28,231 - Epoch 1: Train Accuracy: 49.83%, Validation Accuracy: 56.25%, Train Loss: 1.1475, Validation Loss: 0.6817
2025-03-17 21:36:28,231 - Epoch 2: Train Accuracy: 60.42%, Validation Accuracy: 66.67%, Train Loss: 0.6355, Validation Loss: 0.6065
2025-03-17 21:36:28,231 - Epoch 3: Train Accuracy: 69.10%, Validation Accuracy: 64.58%, Train Loss: 0.5322, Validation Loss: 0.5829
2025-03-17 21:36:28,231 - Epoch 4: Train Accuracy: 77.78%, Validation Accuracy: 75.69%, Train Loss: 0.4185, Validation Loss: 0.6325
2025-03-17 21:36:28,231 - Epoch 5: Train Accuracy: 88.02%, Validation Accuracy: 83.33%, Train Loss: 0.3209, Validation Loss: 0.5385
2025-03-17 21:36:28,231 - Epoch 6: Train Accuracy: 94.97%, Validation Accuracy: 81.94%, Train Loss: 0.1793, Validation Loss: 0.6197
2025-03-17 21:36:28,231 - Epoch 7: Train Accuracy: 96.35%, Validation Accuracy: 86.11%, Train Loss: 0.1090, Validation Loss: 0.6318
2025-03-17 21:36:28,231 - Epoch 8: Train Accuracy: 99.13%, Validation Accuracy: 81.94%, Train Loss: 0.0620, Validation Loss: 0.7320
2025-03-17 21:36:28,231 - Epoch 9: Train Accuracy: 98.61%, Validation Accuracy: 84.03%, Train Loss: 0.0624, Validation Loss: 0.6647
2025-03-17 21:36:28,231 - Epoch 10: Train Accuracy: 98.96%, Validation Accuracy: 83.33%, Train Loss: 0.0497, Validation Loss: 0.7012
2025-03-17 21:36:28,231 - Epoch 11: Train Accuracy: 99.83%, Validation Accuracy: 82.64%, Train Loss: 0.0260, Validation Loss: 0.7718
2025-03-17 21:36:28,231 - Epoch 12: Train Accuracy: 100.00%, Validation Accuracy: 84.72%, Train Loss: 0.0095, Validation Loss: 0.7518
2025-03-17 21:36:28,231 - Epoch 13: Train Accuracy: 100.00%, Validation Accuracy: 85.42%, Train Loss: 0.0052, Validation Loss: 0.7739
2025-03-17 21:36:28,231 - Epoch 14: Train Accuracy: 100.00%, Validation Accuracy: 85.42%, Train Loss: 0.0059, Validation Loss: 0.9255
2025-03-17 21:36:28,231 - Epoch 15: Train Accuracy: 100.00%, Validation Accuracy: 84.72%, Train Loss: 0.0043, Validation Loss: 0.9212
2025-03-17 21:36:28,231 - Epoch 16: Train Accuracy: 100.00%, Validation Accuracy: 84.72%, Train Loss: 0.0022, Validation Loss: 0.9478
2025-03-17 21:36:28,231 - Epoch 17: Train Accuracy: 100.00%, Validation Accuracy: 84.72%, Train Loss: 0.0016, Validation Loss: 0.9584
2025-03-17 21:36:28,231 - Epoch 18: Train Accuracy: 100.00%, Validation Accuracy: 84.72%, Train Loss: 0.0013, Validation Loss: 0.9706
2025-03-17 21:36:28,231 - Epoch 19: Train Accuracy: 100.00%, Validation Accuracy: 84.72%, Train Loss: 0.0011, Validation Loss: 0.9773
2025-03-17 21:36:28,231 - Epoch 20: Train Accuracy: 100.00%, Validation Accuracy: 84.72%, Train Loss: 0.0010, Validation Loss: 0.9849
2025-03-17 21:38:50,550 - B\u1eaft ð\u1ea7u hu\u1ea5n luy\u1ec7n mô h\xecnh
2025-03-17 21:44:02,826 - Ðánh giá mô h\xecnh trên t\u1eadp test
2025-03-17 21:44:03,775 - Test Loss: 0.5629, Test Accuracy: 87.50%
2025-03-17 21:44:03,775 - Epoch 1: Train Accuracy: 48.78%, Validation Accuracy: 50.00%, Train Loss: 0.8081, Validation Loss: 0.6937
2025-03-17 21:44:03,775 - Epoch 2: Train Accuracy: 49.31%, Validation Accuracy: 50.00%, Train Loss: 0.6946, Validation Loss: 0.6927
2025-03-17 21:44:03,775 - Epoch 3: Train Accuracy: 52.08%, Validation Accuracy: 50.00%, Train Loss: 0.6935, Validation Loss: 0.6942
2025-03-17 21:44:03,775 - Epoch 4: Train Accuracy: 49.83%, Validation Accuracy: 50.00%, Train Loss: 0.6942, Validation Loss: 0.6917
2025-03-17 21:44:03,775 - Epoch 5: Train Accuracy: 52.08%, Validation Accuracy: 56.25%, Train Loss: 0.6913, Validation Loss: 0.6725
2025-03-17 21:44:03,775 - Epoch 6: Train Accuracy: 58.16%, Validation Accuracy: 53.47%, Train Loss: 0.6447, Validation Loss: 0.6753
2025-03-17 21:44:03,776 - Epoch 7: Train Accuracy: 62.50%, Validation Accuracy: 62.50%, Train Loss: 0.6265, Validation Loss: 0.6589
2025-03-17 21:44:03,776 - Epoch 8: Train Accuracy: 61.98%, Validation Accuracy: 68.06%, Train Loss: 0.5934, Validation Loss: 0.6607
2025-03-17 21:44:03,776 - Epoch 9: Train Accuracy: 70.49%, Validation Accuracy: 71.53%, Train Loss: 0.5072, Validation Loss: 0.6038
2025-03-17 21:44:03,776 - Epoch 10: Train Accuracy: 78.82%, Validation Accuracy: 75.69%, Train Loss: 0.4220, Validation Loss: 0.5627
2025-03-17 21:44:03,776 - Epoch 11: Train Accuracy: 84.20%, Validation Accuracy: 77.08%, Train Loss: 0.3428, Validation Loss: 0.5057
2025-03-17 21:44:03,776 - Epoch 12: Train Accuracy: 90.80%, Validation Accuracy: 80.56%, Train Loss: 0.2358, Validation Loss: 0.4820
2025-03-17 21:44:03,776 - Epoch 13: Train Accuracy: 94.27%, Validation Accuracy: 84.03%, Train Loss: 0.1531, Validation Loss: 0.5224
2025-03-17 21:44:03,776 - Epoch 14: Train Accuracy: 97.74%, Validation Accuracy: 88.89%, Train Loss: 0.0834, Validation Loss: 0.5069
2025-03-17 21:44:03,776 - Epoch 15: Train Accuracy: 98.09%, Validation Accuracy: 88.89%, Train Loss: 0.0535, Validation Loss: 0.5042
2025-03-17 21:44:03,776 - Epoch 16: Train Accuracy: 98.61%, Validation Accuracy: 90.28%, Train Loss: 0.0468, Validation Loss: 0.4480
2025-03-17 21:44:03,776 - Epoch 17: Train Accuracy: 99.13%, Validation Accuracy: 89.58%, Train Loss: 0.0599, Validation Loss: 0.4921
2025-03-17 21:44:03,776 - Epoch 18: Train Accuracy: 99.13%, Validation Accuracy: 90.97%, Train Loss: 0.0312, Validation Loss: 0.5350
2025-03-17 21:44:03,776 - Epoch 19: Train Accuracy: 98.96%, Validation Accuracy: 91.67%, Train Loss: 0.0341, Validation Loss: 0.5630
2025-03-17 21:44:03,776 - Epoch 20: Train Accuracy: 99.48%, Validation Accuracy: 87.50%, Train Loss: 0.0178, Validation Loss: 0.5629
2025-03-17 21:48:53,554 - B\u1eaft ð\u1ea7u hu\u1ea5n luy\u1ec7n mô h\xecnh
2025-03-17 21:54:18,703 - Ðánh giá mô h\xecnh trên t\u1eadp test
2025-03-17 21:54:19,713 - Test Loss: 0.6194, Test Accuracy: 92.36%
2025-03-17 21:54:19,713 - Epoch 1: Train Accuracy: 46.88%, Validation Accuracy: 50.00%, Train Loss: 0.8612, Validation Loss: 0.6942
2025-03-17 21:54:19,713 - Epoch 2: Train Accuracy: 47.05%, Validation Accuracy: 54.86%, Train Loss: 0.6947, Validation Loss: 0.6927
2025-03-17 21:54:19,713 - Epoch 3: Train Accuracy: 50.17%, Validation Accuracy: 53.47%, Train Loss: 0.6934, Validation Loss: 0.6920
2025-03-17 21:54:19,713 - Epoch 4: Train Accuracy: 53.47%, Validation Accuracy: 52.08%, Train Loss: 0.6893, Validation Loss: 0.6836
2025-03-17 21:54:19,713 - Epoch 5: Train Accuracy: 61.98%, Validation Accuracy: 65.28%, Train Loss: 0.6455, Validation Loss: 0.6391
2025-03-17 21:54:19,713 - Epoch 6: Train Accuracy: 69.44%, Validation Accuracy: 68.06%, Train Loss: 0.5662, Validation Loss: 0.6370
2025-03-17 21:54:19,713 - Epoch 7: Train Accuracy: 75.87%, Validation Accuracy: 75.00%, Train Loss: 0.4861, Validation Loss: 0.5498
2025-03-17 21:54:19,713 - Epoch 8: Train Accuracy: 83.68%, Validation Accuracy: 76.39%, Train Loss: 0.3713, Validation Loss: 0.6096
2025-03-17 21:54:19,713 - Epoch 9: Train Accuracy: 88.54%, Validation Accuracy: 79.17%, Train Loss: 0.2467, Validation Loss: 0.6268
2025-03-17 21:54:19,713 - Epoch 10: Train Accuracy: 94.10%, Validation Accuracy: 83.33%, Train Loss: 0.1447, Validation Loss: 0.6617
2025-03-17 21:54:19,713 - Epoch 11: Train Accuracy: 96.53%, Validation Accuracy: 84.72%, Train Loss: 0.0964, Validation Loss: 0.6391
2025-03-17 21:54:19,713 - Epoch 12: Train Accuracy: 97.22%, Validation Accuracy: 84.03%, Train Loss: 0.0815, Validation Loss: 0.6241
2025-03-17 21:54:19,713 - Epoch 13: Train Accuracy: 99.31%, Validation Accuracy: 86.81%, Train Loss: 0.0383, Validation Loss: 0.6909
2025-03-17 21:54:19,713 - Epoch 14: Train Accuracy: 97.57%, Validation Accuracy: 90.28%, Train Loss: 0.0839, Validation Loss: 0.5189
2025-03-17 21:54:19,713 - Epoch 15: Train Accuracy: 98.96%, Validation Accuracy: 88.19%, Train Loss: 0.0371, Validation Loss: 0.5808
2025-03-17 21:54:19,713 - Epoch 16: Train Accuracy: 99.83%, Validation Accuracy: 90.97%, Train Loss: 0.0126, Validation Loss: 0.6384
2025-03-17 21:54:19,713 - Epoch 17: Train Accuracy: 100.00%, Validation Accuracy: 89.58%, Train Loss: 0.0056, Validation Loss: 0.6710
2025-03-17 21:54:19,713 - Epoch 18: Train Accuracy: 99.48%, Validation Accuracy: 87.50%, Train Loss: 0.0132, Validation Loss: 0.7179
2025-03-17 21:54:19,713 - Epoch 19: Train Accuracy: 99.83%, Validation Accuracy: 93.75%, Train Loss: 0.0087, Validation Loss: 0.6571
2025-03-17 21:54:19,713 - Epoch 20: Train Accuracy: 100.00%, Validation Accuracy: 92.36%, Train Loss: 0.0039, Validation Loss: 0.6194
2025-03-17 22:09:59,897 - B\u1eaft ð\u1ea7u hu\u1ea5n luy\u1ec7n mô h\xecnh
2025-03-17 22:15:39,182 - Ðánh giá mô h\xecnh trên t\u1eadp test
2025-03-17 22:15:40,571 - Test Loss: 0.9235, Test Accuracy: 89.58%
2025-03-17 22:15:40,572 - Epoch 1: Train Accuracy: 50.87%, Validation Accuracy: 50.00%, Train Loss: 0.8442, Validation Loss: 0.6969
2025-03-17 22:15:40,572 - Epoch 2: Train Accuracy: 50.17%, Validation Accuracy: 54.17%, Train Loss: 0.6941, Validation Loss: 0.6917
2025-03-17 22:15:40,572 - Epoch 3: Train Accuracy: 50.87%, Validation Accuracy: 56.94%, Train Loss: 0.6868, Validation Loss: 0.6752
2025-03-17 22:15:40,572 - Epoch 4: Train Accuracy: 61.46%, Validation Accuracy: 59.03%, Train Loss: 0.6426, Validation Loss: 0.6390
2025-03-17 22:15:40,572 - Epoch 5: Train Accuracy: 66.15%, Validation Accuracy: 68.06%, Train Loss: 0.5962, Validation Loss: 0.6273
2025-03-17 22:15:40,572 - Epoch 6: Train Accuracy: 73.26%, Validation Accuracy: 61.11%, Train Loss: 0.5132, Validation Loss: 0.6021
2025-03-17 22:15:40,572 - Epoch 7: Train Accuracy: 79.17%, Validation Accuracy: 71.53%, Train Loss: 0.4352, Validation Loss: 0.6019
2025-03-17 22:15:40,573 - Epoch 8: Train Accuracy: 86.63%, Validation Accuracy: 77.08%, Train Loss: 0.3316, Validation Loss: 0.6409
2025-03-17 22:15:40,573 - Epoch 9: Train Accuracy: 90.10%, Validation Accuracy: 83.33%, Train Loss: 0.2278, Validation Loss: 0.5357
2025-03-17 22:15:40,573 - Epoch 10: Train Accuracy: 94.79%, Validation Accuracy: 86.11%, Train Loss: 0.1370, Validation Loss: 0.5506
2025-03-17 22:15:40,573 - Epoch 11: Train Accuracy: 98.09%, Validation Accuracy: 86.81%, Train Loss: 0.0710, Validation Loss: 0.5730
2025-03-17 22:15:40,573 - Epoch 12: Train Accuracy: 98.44%, Validation Accuracy: 87.50%, Train Loss: 0.0496, Validation Loss: 0.6054
2025-03-17 22:15:40,573 - Epoch 13: Train Accuracy: 98.61%, Validation Accuracy: 87.50%, Train Loss: 0.0432, Validation Loss: 0.7676
2025-03-17 22:15:40,573 - Epoch 14: Train Accuracy: 99.31%, Validation Accuracy: 88.19%, Train Loss: 0.0278, Validation Loss: 0.7179
2025-03-17 22:15:40,573 - Epoch 15: Train Accuracy: 99.13%, Validation Accuracy: 90.97%, Train Loss: 0.0276, Validation Loss: 0.8372
2025-03-17 22:15:40,574 - Epoch 16: Train Accuracy: 99.31%, Validation Accuracy: 92.36%, Train Loss: 0.0201, Validation Loss: 0.7019
2025-03-17 22:15:40,574 - Epoch 17: Train Accuracy: 99.31%, Validation Accuracy: 88.89%, Train Loss: 0.0208, Validation Loss: 0.9115
2025-03-17 22:15:40,574 - Epoch 18: Train Accuracy: 99.13%, Validation Accuracy: 89.58%, Train Loss: 0.0304, Validation Loss: 0.7595
2025-03-17 22:15:40,574 - Epoch 19: Train Accuracy: 99.83%, Validation Accuracy: 88.89%, Train Loss: 0.0082, Validation Loss: 0.8729
2025-03-17 22:15:40,574 - Epoch 20: Train Accuracy: 100.00%, Validation Accuracy: 89.58%, Train Loss: 0.0036, Validation Loss: 0.9235
2025-03-17 22:20:58,104 - B\u1eaft ð\u1ea7u hu\u1ea5n luy\u1ec7n mô h\xecnh
2025-03-17 22:25:39,359 - Ðánh giá mô h\xecnh trên t\u1eadp test
2025-03-17 22:25:40,257 - Test Loss: 1.0160, Test Accuracy: 87.50%
2025-03-17 22:25:40,257 - Epoch 1: Train Accuracy: 48.26%, Validation Accuracy: 50.00%, Train Loss: 0.8875, Validation Loss: 0.6944
2025-03-17 22:25:40,257 - Epoch 2: Train Accuracy: 50.35%, Validation Accuracy: 50.00%, Train Loss: 0.6946, Validation Loss: 0.6920
2025-03-17 22:25:40,257 - Epoch 3: Train Accuracy: 52.43%, Validation Accuracy: 56.25%, Train Loss: 0.6930, Validation Loss: 0.6893
2025-03-17 22:25:40,257 - Epoch 4: Train Accuracy: 57.12%, Validation Accuracy: 58.33%, Train Loss: 0.6856, Validation Loss: 0.6799
2025-03-17 22:25:40,257 - Epoch 5: Train Accuracy: 61.46%, Validation Accuracy: 67.36%, Train Loss: 0.6279, Validation Loss: 0.6388
2025-03-17 22:25:40,257 - Epoch 6: Train Accuracy: 68.75%, Validation Accuracy: 69.44%, Train Loss: 0.5423, Validation Loss: 0.5619
2025-03-17 22:25:40,257 - Epoch 7: Train Accuracy: 81.08%, Validation Accuracy: 75.00%, Train Loss: 0.3963, Validation Loss: 0.5440
2025-03-17 22:25:40,257 - Epoch 8: Train Accuracy: 89.06%, Validation Accuracy: 79.17%, Train Loss: 0.2590, Validation Loss: 0.5363
2025-03-17 22:25:40,257 - Epoch 9: Train Accuracy: 93.75%, Validation Accuracy: 80.56%, Train Loss: 0.1718, Validation Loss: 0.5487
2025-03-17 22:25:40,257 - Epoch 10: Train Accuracy: 97.05%, Validation Accuracy: 86.81%, Train Loss: 0.0783, Validation Loss: 0.7510
2025-03-17 22:25:40,257 - Epoch 11: Train Accuracy: 97.74%, Validation Accuracy: 86.11%, Train Loss: 0.0510, Validation Loss: 0.6535
2025-03-17 22:25:40,257 - Epoch 12: Train Accuracy: 98.44%, Validation Accuracy: 86.11%, Train Loss: 0.0423, Validation Loss: 0.8689
2025-03-17 22:25:40,257 - Epoch 13: Train Accuracy: 98.61%, Validation Accuracy: 87.50%, Train Loss: 0.0465, Validation Loss: 0.7613
2025-03-17 22:25:40,257 - Epoch 14: Train Accuracy: 99.31%, Validation Accuracy: 86.11%, Train Loss: 0.0225, Validation Loss: 0.8858
2025-03-17 22:25:40,257 - Epoch 15: Train Accuracy: 99.65%, Validation Accuracy: 91.67%, Train Loss: 0.0116, Validation Loss: 0.8608
2025-03-17 22:25:40,257 - Epoch 16: Train Accuracy: 99.83%, Validation Accuracy: 89.58%, Train Loss: 0.0112, Validation Loss: 0.7265
2025-03-17 22:25:40,257 - Epoch 17: Train Accuracy: 100.00%, Validation Accuracy: 85.42%, Train Loss: 0.0031, Validation Loss: 0.8499
2025-03-17 22:25:40,258 - Epoch 18: Train Accuracy: 100.00%, Validation Accuracy: 88.89%, Train Loss: 0.0023, Validation Loss: 0.8493
2025-03-17 22:25:40,258 - Epoch 19: Train Accuracy: 100.00%, Validation Accuracy: 86.81%, Train Loss: 0.0010, Validation Loss: 0.9184
2025-03-17 22:25:40,258 - Epoch 20: Train Accuracy: 100.00%, Validation Accuracy: 87.50%, Train Loss: 0.0012, Validation Loss: 1.0160
2025-03-17 22:25:40,258 - You are saving your model as an HDF5 file via `model.save()` or `keras.saving.save_model(model)`. This file format is considered legacy. We recommend using instead the native Keras format, e.g. `model.save('my_model.keras')` or `keras.saving.save_model(model, 'my_model.keras')`. 
2025-03-17 22:25:57,286 - 5 out of the last 12 calls to <function TensorFlowTrainer.make_predict_function.<locals>.one_step_on_data_distributed at 0x000001941F4985E0> triggered tf.function retracing. Tracing is expensive and the excessive number of tracings could be due to (1) creating @tf.function repeatedly in a loop, (2) passing tensors with different shapes, (3) passing Python objects instead of tensors. For (1), please define your @tf.function outside of the loop. For (2), @tf.function has reduce_retracing=True option that can avoid unnecessary retracing. For (3), please refer to https://www.tensorflow.org/guide/function#controlling_retracing and https://www.tensorflow.org/api_docs/python/tf/function for  more details.
2025-03-17 22:29:38,014 - Compiled the loaded model, but the compiled metrics have yet to be built. `model.compile_metrics` will be empty until you train or evaluate the model.
2025-03-17 22:29:38,129 - 5 out of the last 11 calls to <function TensorFlowTrainer.make_predict_function.<locals>.one_step_on_data_distributed at 0x00000194237584C0> triggered tf.function retracing. Tracing is expensive and the excessive number of tracings could be due to (1) creating @tf.function repeatedly in a loop, (2) passing tensors with different shapes, (3) passing Python objects instead of tensors. For (1), please define your @tf.function outside of the loop. For (2), @tf.function has reduce_retracing=True option that can avoid unnecessary retracing. For (3), please refer to https://www.tensorflow.org/guide/function#controlling_retracing and https://www.tensorflow.org/api_docs/python/tf/function for  more details.
2025-03-17 22:30:07,075 - Compiled the loaded model, but the compiled metrics have yet to be built. `model.compile_metrics` will be empty until you train or evaluate the model.
2025-03-17 22:30:28,978 - Compiled the loaded model, but the compiled metrics have yet to be built. `model.compile_metrics` will be empty until you train or evaluate the model.
2025-03-17 22:32:02,453 - Compiled the loaded model, but the compiled metrics have yet to be built. `model.compile_metrics` will be empty until you train or evaluate the model.
2025-03-17 22:32:22,789 - Compiled the loaded model, but the compiled metrics have yet to be built. `model.compile_metrics` will be empty until you train or evaluate the model.
2025-03-17 22:33:05,549 - Compiled the loaded model, but the compiled metrics have yet to be built. `model.compile_metrics` will be empty until you train or evaluate the model.
2025-03-17 22:33:15,074 - Compiled the loaded model, but the compiled metrics have yet to be built. `model.compile_metrics` will be empty until you train or evaluate the model.
2025-03-17 22:35:30,520 - Compiled the loaded model, but the compiled metrics have yet to be built. `model.compile_metrics` will be empty until you train or evaluate the model.
2025-03-17 22:37:13,791 - Compiled the loaded model, but the compiled metrics have yet to be built. `model.compile_metrics` will be empty until you train or evaluate the model.
2025-03-18 07:51:39,083 - B\u1eaft ð\u1ea7u hu\u1ea5n luy\u1ec7n mô h\xecnh
2025-03-18 07:53:25,782 - Ðánh giá mô h\xecnh trên t\u1eadp test
2025-03-18 07:53:26,234 - Test Loss: 0.5245, Test Accuracy: 90.28%
2025-03-18 07:53:26,235 - Epoch 1: Train Accuracy: 48.26%, Validation Accuracy: 50.00%, Train Loss: 0.7022, Validation Loss: 0.6930
2025-03-18 07:53:26,235 - Epoch 2: Train Accuracy: 50.00%, Validation Accuracy: 53.47%, Train Loss: 0.6938, Validation Loss: 0.6928
2025-03-18 07:53:26,235 - Epoch 3: Train Accuracy: 51.56%, Validation Accuracy: 50.00%, Train Loss: 0.6926, Validation Loss: 0.6883
2025-03-18 07:53:26,235 - Epoch 4: Train Accuracy: 56.60%, Validation Accuracy: 57.64%, Train Loss: 0.6772, Validation Loss: 0.6578
2025-03-18 07:53:26,235 - Epoch 5: Train Accuracy: 63.89%, Validation Accuracy: 68.75%, Train Loss: 0.6273, Validation Loss: 0.6344
2025-03-18 07:53:26,235 - Epoch 6: Train Accuracy: 68.40%, Validation Accuracy: 68.75%, Train Loss: 0.5571, Validation Loss: 0.6166
2025-03-18 07:53:26,235 - Epoch 7: Train Accuracy: 72.92%, Validation Accuracy: 72.92%, Train Loss: 0.4844, Validation Loss: 0.5547
2025-03-18 07:53:26,235 - Epoch 8: Train Accuracy: 81.25%, Validation Accuracy: 74.31%, Train Loss: 0.3945, Validation Loss: 0.5750
2025-03-18 07:53:26,235 - Epoch 9: Train Accuracy: 88.54%, Validation Accuracy: 80.56%, Train Loss: 0.2758, Validation Loss: 0.5933
2025-03-18 07:53:26,235 - Epoch 10: Train Accuracy: 91.49%, Validation Accuracy: 79.86%, Train Loss: 0.2167, Validation Loss: 0.6927
2025-03-18 07:53:26,235 - Epoch 11: Train Accuracy: 95.49%, Validation Accuracy: 89.58%, Train Loss: 0.1242, Validation Loss: 0.5505
2025-03-18 07:53:26,235 - Epoch 12: Train Accuracy: 97.22%, Validation Accuracy: 90.28%, Train Loss: 0.0874, Validation Loss: 0.5143
2025-03-18 07:53:26,235 - Epoch 13: Train Accuracy: 98.09%, Validation Accuracy: 92.36%, Train Loss: 0.0517, Validation Loss: 0.5575
2025-03-18 07:53:26,235 - Epoch 14: Train Accuracy: 98.96%, Validation Accuracy: 88.19%, Train Loss: 0.0388, Validation Loss: 0.5360
2025-03-18 07:53:26,235 - Epoch 15: Train Accuracy: 99.48%, Validation Accuracy: 90.28%, Train Loss: 0.0214, Validation Loss: 0.5690
2025-03-18 07:53:26,235 - Epoch 16: Train Accuracy: 99.65%, Validation Accuracy: 93.75%, Train Loss: 0.0134, Validation Loss: 0.6521
2025-03-18 07:53:26,235 - Epoch 17: Train Accuracy: 99.83%, Validation Accuracy: 93.75%, Train Loss: 0.0146, Validation Loss: 0.5448
2025-03-18 07:53:26,235 - Epoch 18: Train Accuracy: 99.65%, Validation Accuracy: 94.44%, Train Loss: 0.0136, Validation Loss: 0.6148
2025-03-18 07:53:26,235 - Epoch 19: Train Accuracy: 99.65%, Validation Accuracy: 90.97%, Train Loss: 0.0123, Validation Loss: 0.7078
2025-03-18 07:53:26,236 - Epoch 20: Train Accuracy: 99.83%, Validation Accuracy: 90.28%, Train Loss: 0.0147, Validation Loss: 0.5245
2025-03-18 07:53:26,236 - You are saving your model as an HDF5 file via `model.save()` or `keras.saving.save_model(model)`. This file format is considered legacy. We recommend using instead the native Keras format, e.g. `model.save('my_model.keras')` or `keras.saving.save_model(model, 'my_model.keras')`. 
2025-03-18 07:53:45,775 - Compiled the loaded model, but the compiled metrics have yet to be built. `model.compile_metrics` will be empty until you train or evaluate the model.
2025-03-18 07:55:59,605 - B\u1eaft ð\u1ea7u hu\u1ea5n luy\u1ec7n mô h\xecnh
2025-03-18 07:57:00,427 - Ðánh giá mô h\xecnh trên t\u1eadp test
2025-03-18 07:57:00,778 - Test Loss: 0.6791, Test Accuracy: 91.67%
2025-03-18 07:57:00,778 - Epoch 1: Train Accuracy: 49.31%, Validation Accuracy: 50.00%, Train Loss: 0.7719, Validation Loss: 0.6927
2025-03-18 07:57:00,778 - Epoch 2: Train Accuracy: 48.09%, Validation Accuracy: 50.00%, Train Loss: 0.6931, Validation Loss: 0.6894
2025-03-18 07:57:00,778 - Epoch 3: Train Accuracy: 54.69%, Validation Accuracy: 52.78%, Train Loss: 0.6827, Validation Loss: 0.6792
2025-03-18 07:57:00,778 - Epoch 4: Train Accuracy: 61.11%, Validation Accuracy: 61.11%, Train Loss: 0.6236, Validation Loss: 0.6743
2025-03-18 07:57:00,778 - Epoch 5: Train Accuracy: 66.49%, Validation Accuracy: 70.83%, Train Loss: 0.5546, Validation Loss: 0.6210
2025-03-18 07:57:00,778 - Epoch 6: Train Accuracy: 72.40%, Validation Accuracy: 74.31%, Train Loss: 0.5088, Validation Loss: 0.5700
2025-03-18 07:57:00,778 - Epoch 7: Train Accuracy: 78.82%, Validation Accuracy: 74.31%, Train Loss: 0.4241, Validation Loss: 0.5930
2025-03-18 07:57:00,778 - Epoch 8: Train Accuracy: 84.38%, Validation Accuracy: 75.69%, Train Loss: 0.3433, Validation Loss: 0.6938
2025-03-18 07:57:00,778 - Epoch 9: Train Accuracy: 89.58%, Validation Accuracy: 79.17%, Train Loss: 0.2329, Validation Loss: 0.6892
2025-03-18 07:57:00,778 - Epoch 10: Train Accuracy: 93.40%, Validation Accuracy: 86.81%, Train Loss: 0.1529, Validation Loss: 0.6642
2025-03-18 07:57:00,778 - Epoch 11: Train Accuracy: 97.22%, Validation Accuracy: 83.33%, Train Loss: 0.0896, Validation Loss: 0.7558
2025-03-18 07:57:00,778 - Epoch 12: Train Accuracy: 97.40%, Validation Accuracy: 86.11%, Train Loss: 0.0792, Validation Loss: 0.6931
2025-03-18 07:57:00,778 - Epoch 13: Train Accuracy: 97.57%, Validation Accuracy: 88.19%, Train Loss: 0.0788, Validation Loss: 0.7576
2025-03-18 07:57:00,778 - Epoch 14: Train Accuracy: 99.65%, Validation Accuracy: 88.89%, Train Loss: 0.0329, Validation Loss: 0.7515
2025-03-18 07:57:00,778 - Epoch 15: Train Accuracy: 99.83%, Validation Accuracy: 91.67%, Train Loss: 0.0132, Validation Loss: 0.8601
2025-03-18 07:57:00,778 - Epoch 16: Train Accuracy: 99.83%, Validation Accuracy: 90.28%, Train Loss: 0.0131, Validation Loss: 0.6978
2025-03-18 07:57:00,778 - Epoch 17: Train Accuracy: 99.65%, Validation Accuracy: 90.97%, Train Loss: 0.0107, Validation Loss: 0.7665
2025-03-18 07:57:00,778 - Epoch 18: Train Accuracy: 99.65%, Validation Accuracy: 91.67%, Train Loss: 0.0100, Validation Loss: 0.6721
2025-03-18 07:57:00,778 - Epoch 19: Train Accuracy: 99.83%, Validation Accuracy: 90.97%, Train Loss: 0.0116, Validation Loss: 0.8482
2025-03-18 07:57:00,778 - Epoch 20: Train Accuracy: 99.48%, Validation Accuracy: 91.67%, Train Loss: 0.0151, Validation Loss: 0.6791
2025-03-18 07:57:00,778 - You are saving your model as an HDF5 file via `model.save()` or `keras.saving.save_model(model)`. This file format is considered legacy. We recommend using instead the native Keras format, e.g. `model.save('my_model.keras')` or `keras.saving.save_model(model, 'my_model.keras')`. 
2025-03-18 07:58:30,932 - B\u1eaft ð\u1ea7u hu\u1ea5n luy\u1ec7n mô h\xecnh
2025-03-18 07:59:38,946 - Ðánh giá mô h\xecnh trên t\u1eadp test
2025-03-18 07:59:39,292 - Test Loss: 0.4966, Test Accuracy: 84.03%
2025-03-18 07:59:39,292 - Epoch 1: Train Accuracy: 50.00%, Validation Accuracy: 50.00%, Train Loss: 0.7115, Validation Loss: 0.6945
2025-03-18 07:59:39,292 - Epoch 2: Train Accuracy: 51.22%, Validation Accuracy: 52.78%, Train Loss: 0.6942, Validation Loss: 0.6906
2025-03-18 07:59:39,293 - Epoch 3: Train Accuracy: 52.95%, Validation Accuracy: 50.00%, Train Loss: 0.6872, Validation Loss: 0.6922
2025-03-18 07:59:39,293 - Epoch 4: Train Accuracy: 53.99%, Validation Accuracy: 55.56%, Train Loss: 0.6877, Validation Loss: 0.6832
2025-03-18 07:59:39,293 - Epoch 5: Train Accuracy: 55.21%, Validation Accuracy: 52.78%, Train Loss: 0.6803, Validation Loss: 0.6796
2025-03-18 07:59:39,293 - Epoch 6: Train Accuracy: 62.67%, Validation Accuracy: 70.14%, Train Loss: 0.6558, Validation Loss: 0.6596
2025-03-18 07:59:39,293 - Epoch 7: Train Accuracy: 60.59%, Validation Accuracy: 61.81%, Train Loss: 0.6356, Validation Loss: 0.6449
2025-03-18 07:59:39,293 - Epoch 8: Train Accuracy: 69.27%, Validation Accuracy: 67.36%, Train Loss: 0.5965, Validation Loss: 0.6266
2025-03-18 07:59:39,293 - Epoch 9: Train Accuracy: 69.10%, Validation Accuracy: 67.36%, Train Loss: 0.5736, Validation Loss: 0.6199
2025-03-18 07:59:39,293 - Epoch 10: Train Accuracy: 72.57%, Validation Accuracy: 68.06%, Train Loss: 0.5478, Validation Loss: 0.6052
2025-03-18 07:59:39,293 - Epoch 11: Train Accuracy: 76.39%, Validation Accuracy: 69.44%, Train Loss: 0.5095, Validation Loss: 0.6010
2025-03-18 07:59:39,293 - Epoch 12: Train Accuracy: 76.39%, Validation Accuracy: 69.44%, Train Loss: 0.5020, Validation Loss: 0.5932
2025-03-18 07:59:39,293 - Epoch 13: Train Accuracy: 79.86%, Validation Accuracy: 69.44%, Train Loss: 0.4567, Validation Loss: 0.5874
2025-03-18 07:59:39,293 - Epoch 14: Train Accuracy: 80.03%, Validation Accuracy: 72.92%, Train Loss: 0.4504, Validation Loss: 0.5797
2025-03-18 07:59:39,293 - Epoch 15: Train Accuracy: 83.68%, Validation Accuracy: 72.22%, Train Loss: 0.3929, Validation Loss: 0.5525
2025-03-18 07:59:39,293 - Epoch 16: Train Accuracy: 85.07%, Validation Accuracy: 75.69%, Train Loss: 0.3754, Validation Loss: 0.5302
2025-03-18 07:59:39,293 - Epoch 17: Train Accuracy: 86.81%, Validation Accuracy: 77.78%, Train Loss: 0.3512, Validation Loss: 0.5437
2025-03-18 07:59:39,293 - Epoch 18: Train Accuracy: 88.54%, Validation Accuracy: 77.08%, Train Loss: 0.3163, Validation Loss: 0.5500
2025-03-18 07:59:39,293 - Epoch 19: Train Accuracy: 90.97%, Validation Accuracy: 80.56%, Train Loss: 0.2788, Validation Loss: 0.5014
2025-03-18 07:59:39,293 - Epoch 20: Train Accuracy: 88.02%, Validation Accuracy: 84.03%, Train Loss: 0.2742, Validation Loss: 0.4966
2025-03-18 07:59:39,293 - You are saving your model as an HDF5 file via `model.save()` or `keras.saving.save_model(model)`. This file format is considered legacy. We recommend using instead the native Keras format, e.g. `model.save('my_model.keras')` or `keras.saving.save_model(model, 'my_model.keras')`. 
2025-03-18 08:02:20,354 - Compiled the loaded model, but the compiled metrics have yet to be built. `model.compile_metrics` will be empty until you train or evaluate the model.
2025-03-18 08:03:57,579 - B\u1eaft ð\u1ea7u hu\u1ea5n luy\u1ec7n mô h\xecnh
2025-03-18 08:04:52,096 - Ðánh giá mô h\xecnh trên t\u1eadp test
2025-03-18 08:04:52,355 - Test Loss: 0.4973, Test Accuracy: 78.47%
2025-03-18 08:04:52,355 - Epoch 1: Train Accuracy: 49.13%, Validation Accuracy: 50.00%, Train Loss: 0.7052, Validation Loss: 0.6958
2025-03-18 08:04:52,355 - Epoch 2: Train Accuracy: 51.74%, Validation Accuracy: 50.00%, Train Loss: 0.6880, Validation Loss: 0.6919
2025-03-18 08:04:52,355 - Epoch 3: Train Accuracy: 53.65%, Validation Accuracy: 55.56%, Train Loss: 0.6874, Validation Loss: 0.6823
2025-03-18 08:04:52,355 - Epoch 4: Train Accuracy: 57.64%, Validation Accuracy: 59.72%, Train Loss: 0.6720, Validation Loss: 0.6696
2025-03-18 08:04:52,355 - Epoch 5: Train Accuracy: 61.81%, Validation Accuracy: 61.81%, Train Loss: 0.6483, Validation Loss: 0.6526
2025-03-18 08:04:52,355 - Epoch 6: Train Accuracy: 66.67%, Validation Accuracy: 68.75%, Train Loss: 0.6190, Validation Loss: 0.6323
2025-03-18 08:04:52,355 - Epoch 7: Train Accuracy: 67.53%, Validation Accuracy: 68.06%, Train Loss: 0.5954, Validation Loss: 0.6201
2025-03-18 08:04:52,355 - Epoch 8: Train Accuracy: 73.26%, Validation Accuracy: 70.14%, Train Loss: 0.5504, Validation Loss: 0.6096
2025-03-18 08:04:52,355 - Epoch 9: Train Accuracy: 70.31%, Validation Accuracy: 68.06%, Train Loss: 0.5385, Validation Loss: 0.6044
2025-03-18 08:04:52,355 - Epoch 10: Train Accuracy: 75.17%, Validation Accuracy: 70.14%, Train Loss: 0.5056, Validation Loss: 0.5883
2025-03-18 08:04:52,355 - Epoch 11: Train Accuracy: 80.38%, Validation Accuracy: 71.53%, Train Loss: 0.4657, Validation Loss: 0.5721
2025-03-18 08:04:52,355 - Epoch 12: Train Accuracy: 81.08%, Validation Accuracy: 69.44%, Train Loss: 0.4357, Validation Loss: 0.5696
2025-03-18 08:04:52,355 - Epoch 13: Train Accuracy: 82.64%, Validation Accuracy: 68.75%, Train Loss: 0.4174, Validation Loss: 0.5763
2025-03-18 08:04:52,355 - Epoch 14: Train Accuracy: 84.55%, Validation Accuracy: 75.00%, Train Loss: 0.3954, Validation Loss: 0.5371
2025-03-18 08:04:52,355 - Epoch 15: Train Accuracy: 86.63%, Validation Accuracy: 75.69%, Train Loss: 0.3466, Validation Loss: 0.6127
2025-03-18 08:04:52,355 - Epoch 16: Train Accuracy: 87.67%, Validation Accuracy: 78.47%, Train Loss: 0.3280, Validation Loss: 0.5352
2025-03-18 08:04:52,355 - Epoch 17: Train Accuracy: 87.50%, Validation Accuracy: 79.17%, Train Loss: 0.3027, Validation Loss: 0.5216
2025-03-18 08:04:52,355 - Epoch 18: Train Accuracy: 89.93%, Validation Accuracy: 78.47%, Train Loss: 0.2747, Validation Loss: 0.5420
2025-03-18 08:04:52,355 - Epoch 19: Train Accuracy: 89.93%, Validation Accuracy: 78.47%, Train Loss: 0.2461, Validation Loss: 0.5945
2025-03-18 08:04:52,355 - Epoch 20: Train Accuracy: 91.67%, Validation Accuracy: 78.47%, Train Loss: 0.2125, Validation Loss: 0.4973
2025-03-18 08:04:52,355 - You are saving your model as an HDF5 file via `model.save()` or `keras.saving.save_model(model)`. This file format is considered legacy. We recommend using instead the native Keras format, e.g. `model.save('my_model.keras')` or `keras.saving.save_model(model, 'my_model.keras')`. 
2025-03-18 08:05:12,704 - Compiled the loaded model, but the compiled metrics have yet to be built. `model.compile_metrics` will be empty until you train or evaluate the model.
2025-03-18 08:05:29,740 - Compiled the loaded model, but the compiled metrics have yet to be built. `model.compile_metrics` will be empty until you train or evaluate the model.
2025-03-18 08:05:54,925 - Compiled the loaded model, but the compiled metrics have yet to be built. `model.compile_metrics` will be empty until you train or evaluate the model.
2025-03-18 08:05:55,008 - 5 out of the last 5 calls to <function TensorFlowTrainer.make_predict_function.<locals>.one_step_on_data_distributed at 0x000001E8B524FE20> triggered tf.function retracing. Tracing is expensive and the excessive number of tracings could be due to (1) creating @tf.function repeatedly in a loop, (2) passing tensors with different shapes, (3) passing Python objects instead of tensors. For (1), please define your @tf.function outside of the loop. For (2), @tf.function has reduce_retracing=True option that can avoid unnecessary retracing. For (3), please refer to https://www.tensorflow.org/guide/function#controlling_retracing and https://www.tensorflow.org/api_docs/python/tf/function for  more details.
2025-03-18 08:06:42,681 - Compiled the loaded model, but the compiled metrics have yet to be built. `model.compile_metrics` will be empty until you train or evaluate the model.
2025-03-18 08:06:42,762 - 6 out of the last 6 calls to <function TensorFlowTrainer.make_predict_function.<locals>.one_step_on_data_distributed at 0x000001E8BAFED900> triggered tf.function retracing. Tracing is expensive and the excessive number of tracings could be due to (1) creating @tf.function repeatedly in a loop, (2) passing tensors with different shapes, (3) passing Python objects instead of tensors. For (1), please define your @tf.function outside of the loop. For (2), @tf.function has reduce_retracing=True option that can avoid unnecessary retracing. For (3), please refer to https://www.tensorflow.org/guide/function#controlling_retracing and https://www.tensorflow.org/api_docs/python/tf/function for  more details.
2025-03-18 08:06:55,472 - Compiled the loaded model, but the compiled metrics have yet to be built. `model.compile_metrics` will be empty until you train or evaluate the model.
2025-03-18 08:07:02,758 - Compiled the loaded model, but the compiled metrics have yet to be built. `model.compile_metrics` will be empty until you train or evaluate the model.
2025-03-18 08:07:03,747 - Compiled the loaded model, but the compiled metrics have yet to be built. `model.compile_metrics` will be empty until you train or evaluate the model.
2025-03-18 08:07:04,379 - Compiled the loaded model, but the compiled metrics have yet to be built. `model.compile_metrics` will be empty until you train or evaluate the model.
2025-03-18 08:07:05,751 - Compiled the loaded model, but the compiled metrics have yet to be built. `model.compile_metrics` will be empty until you train or evaluate the model.
2025-03-18 08:07:06,794 - Compiled the loaded model, but the compiled metrics have yet to be built. `model.compile_metrics` will be empty until you train or evaluate the model.
2025-03-18 08:08:49,520 - Compiled the loaded model, but the compiled metrics have yet to be built. `model.compile_metrics` will be empty until you train or evaluate the model.
2025-03-18 08:09:38,714 - Compiled the loaded model, but the compiled metrics have yet to be built. `model.compile_metrics` will be empty until you train or evaluate the model.
2025-03-18 08:14:05,068 - Compiled the loaded model, but the compiled metrics have yet to be built. `model.compile_metrics` will be empty until you train or evaluate the model.
2025-03-18 08:14:30,600 - Compiled the loaded model, but the compiled metrics have yet to be built. `model.compile_metrics` will be empty until you train or evaluate the model.
2025-03-18 08:16:26,806 - Compiled the loaded model, but the compiled metrics have yet to be built. `model.compile_metrics` will be empty until you train or evaluate the model.
2025-03-18 08:17:25,335 - B\u1eaft ð\u1ea7u hu\u1ea5n luy\u1ec7n mô h\xecnh
2025-03-18 08:18:19,008 - Ðánh giá mô h\xecnh trên t\u1eadp test
2025-03-18 08:18:19,257 - Test Loss: 0.4921, Test Accuracy: 78.47%
2025-03-18 08:18:19,258 - Epoch 1: Train Accuracy: 50.35%, Validation Accuracy: 50.00%, Train Loss: 0.6956, Validation Loss: 0.6944
2025-03-18 08:18:19,258 - Epoch 2: Train Accuracy: 51.91%, Validation Accuracy: 56.25%, Train Loss: 0.6934, Validation Loss: 0.6882
2025-03-18 08:18:19,258 - Epoch 3: Train Accuracy: 53.99%, Validation Accuracy: 68.06%, Train Loss: 0.6848, Validation Loss: 0.6813
2025-03-18 08:18:19,258 - Epoch 4: Train Accuracy: 61.46%, Validation Accuracy: 67.36%, Train Loss: 0.6720, Validation Loss: 0.6661
2025-03-18 08:18:19,258 - Epoch 5: Train Accuracy: 64.93%, Validation Accuracy: 62.50%, Train Loss: 0.6433, Validation Loss: 0.6433
2025-03-18 08:18:19,258 - Epoch 6: Train Accuracy: 67.19%, Validation Accuracy: 65.97%, Train Loss: 0.5991, Validation Loss: 0.6278
2025-03-18 08:18:19,258 - Epoch 7: Train Accuracy: 68.23%, Validation Accuracy: 65.28%, Train Loss: 0.5729, Validation Loss: 0.6174
2025-03-18 08:18:19,258 - Epoch 8: Train Accuracy: 74.13%, Validation Accuracy: 70.83%, Train Loss: 0.5463, Validation Loss: 0.5989
2025-03-18 08:18:19,258 - Epoch 9: Train Accuracy: 74.31%, Validation Accuracy: 68.75%, Train Loss: 0.5205, Validation Loss: 0.5895
2025-03-18 08:18:19,258 - Epoch 10: Train Accuracy: 77.78%, Validation Accuracy: 74.31%, Train Loss: 0.4839, Validation Loss: 0.5703
2025-03-18 08:18:19,258 - Epoch 11: Train Accuracy: 77.08%, Validation Accuracy: 75.00%, Train Loss: 0.4728, Validation Loss: 0.5704
2025-03-18 08:18:19,258 - Epoch 12: Train Accuracy: 78.12%, Validation Accuracy: 72.92%, Train Loss: 0.4591, Validation Loss: 0.5657
2025-03-18 08:18:19,258 - Epoch 13: Train Accuracy: 82.29%, Validation Accuracy: 72.92%, Train Loss: 0.4226, Validation Loss: 0.5440
2025-03-18 08:18:19,258 - Epoch 14: Train Accuracy: 85.24%, Validation Accuracy: 75.69%, Train Loss: 0.3775, Validation Loss: 0.5330
2025-03-18 08:18:19,258 - Epoch 15: Train Accuracy: 88.02%, Validation Accuracy: 77.78%, Train Loss: 0.3424, Validation Loss: 0.5401
2025-03-18 08:18:19,258 - Epoch 16: Train Accuracy: 86.81%, Validation Accuracy: 77.78%, Train Loss: 0.3274, Validation Loss: 0.5144
2025-03-18 08:18:19,258 - Epoch 17: Train Accuracy: 87.85%, Validation Accuracy: 78.47%, Train Loss: 0.2946, Validation Loss: 0.4921
2025-03-18 08:18:19,258 - Epoch 18: Train Accuracy: 90.45%, Validation Accuracy: 76.39%, Train Loss: 0.2556, Validation Loss: 0.5165
2025-03-18 08:18:19,258 - Epoch 19: Train Accuracy: 91.49%, Validation Accuracy: 77.78%, Train Loss: 0.2381, Validation Loss: 0.5207
2025-03-18 08:18:19,258 - Epoch 20: Train Accuracy: 92.71%, Validation Accuracy: 79.86%, Train Loss: 0.2074, Validation Loss: 0.5182
2025-03-18 08:18:19,258 - You are saving your model as an HDF5 file via `model.save()` or `keras.saving.save_model(model)`. This file format is considered legacy. We recommend using instead the native Keras format, e.g. `model.save('my_model.keras')` or `keras.saving.save_model(model, 'my_model.keras')`. 
2025-03-18 08:30:23,750 - B\u1eaft ð\u1ea7u hu\u1ea5n luy\u1ec7n mô h\xecnh
2025-03-18 08:31:16,432 - Ðánh giá mô h\xecnh trên t\u1eadp test
2025-03-18 08:31:16,688 - Test Loss: 0.4771, Test Accuracy: 83.33%
2025-03-18 08:31:16,688 - Epoch 1: Train Accuracy: 47.74%, Validation Accuracy: 50.00%, Train Loss: 0.7031, Validation Loss: 0.6921
2025-03-18 08:31:16,688 - Epoch 2: Train Accuracy: 52.60%, Validation Accuracy: 55.56%, Train Loss: 0.6889, Validation Loss: 0.6895
2025-03-18 08:31:16,688 - Epoch 3: Train Accuracy: 52.95%, Validation Accuracy: 66.67%, Train Loss: 0.6877, Validation Loss: 0.6851
2025-03-18 08:31:16,688 - Epoch 4: Train Accuracy: 59.38%, Validation Accuracy: 53.47%, Train Loss: 0.6714, Validation Loss: 0.6804
2025-03-18 08:31:16,688 - Epoch 5: Train Accuracy: 57.47%, Validation Accuracy: 61.81%, Train Loss: 0.6670, Validation Loss: 0.6642
2025-03-18 08:31:16,690 - Epoch 6: Train Accuracy: 63.19%, Validation Accuracy: 63.89%, Train Loss: 0.6406, Validation Loss: 0.6458
2025-03-18 08:31:16,690 - Epoch 7: Train Accuracy: 68.06%, Validation Accuracy: 63.89%, Train Loss: 0.5950, Validation Loss: 0.6292
2025-03-18 08:31:16,690 - Epoch 8: Train Accuracy: 69.62%, Validation Accuracy: 61.11%, Train Loss: 0.5670, Validation Loss: 0.6239
2025-03-18 08:31:16,690 - Epoch 9: Train Accuracy: 70.14%, Validation Accuracy: 69.44%, Train Loss: 0.5489, Validation Loss: 0.5992
2025-03-18 08:31:16,690 - Epoch 10: Train Accuracy: 75.87%, Validation Accuracy: 72.22%, Train Loss: 0.5090, Validation Loss: 0.5943
2025-03-18 08:31:16,690 - Epoch 11: Train Accuracy: 77.43%, Validation Accuracy: 70.83%, Train Loss: 0.4712, Validation Loss: 0.5731
2025-03-18 08:31:16,690 - Epoch 12: Train Accuracy: 77.43%, Validation Accuracy: 72.92%, Train Loss: 0.4578, Validation Loss: 0.5538
2025-03-18 08:31:16,690 - Epoch 13: Train Accuracy: 81.25%, Validation Accuracy: 76.39%, Train Loss: 0.4280, Validation Loss: 0.5347
2025-03-18 08:31:16,690 - Epoch 14: Train Accuracy: 83.16%, Validation Accuracy: 75.00%, Train Loss: 0.3859, Validation Loss: 0.5281
2025-03-18 08:31:16,690 - Epoch 15: Train Accuracy: 87.50%, Validation Accuracy: 77.78%, Train Loss: 0.3538, Validation Loss: 0.5177
2025-03-18 08:31:16,690 - Epoch 16: Train Accuracy: 86.28%, Validation Accuracy: 79.86%, Train Loss: 0.3275, Validation Loss: 0.5266
2025-03-18 08:31:16,690 - Epoch 17: Train Accuracy: 85.94%, Validation Accuracy: 79.86%, Train Loss: 0.3260, Validation Loss: 0.5085
2025-03-18 08:31:16,690 - Epoch 18: Train Accuracy: 87.67%, Validation Accuracy: 79.86%, Train Loss: 0.3097, Validation Loss: 0.4839
2025-03-18 08:31:16,690 - Epoch 19: Train Accuracy: 90.28%, Validation Accuracy: 80.56%, Train Loss: 0.2652, Validation Loss: 0.4774
2025-03-18 08:31:16,690 - Epoch 20: Train Accuracy: 91.67%, Validation Accuracy: 83.33%, Train Loss: 0.2531, Validation Loss: 0.4771
2025-03-18 08:31:16,690 - You are saving your model as an HDF5 file via `model.save()` or `keras.saving.save_model(model)`. This file format is considered legacy. We recommend using instead the native Keras format, e.g. `model.save('my_model.keras')` or `keras.saving.save_model(model, 'my_model.keras')`. 
2025-03-18 08:33:26,595 - B\u1eaft ð\u1ea7u hu\u1ea5n luy\u1ec7n mô h\xecnh
2025-03-18 08:34:23,603 - Ðánh giá mô h\xecnh trên t\u1eadp test
2025-03-18 08:34:23,868 - Test Loss: 0.6675, Test Accuracy: 74.31%
2025-03-18 08:34:23,868 - Epoch 1: Train Accuracy: 48.96%, Validation Accuracy: 50.00%, Train Loss: 2.9643, Validation Loss: 2.6435
2025-03-18 08:34:23,868 - Epoch 2: Train Accuracy: 47.74%, Validation Accuracy: 50.00%, Train Loss: 2.4089, Validation Loss: 2.1533
2025-03-18 08:34:23,868 - Epoch 3: Train Accuracy: 52.78%, Validation Accuracy: 50.00%, Train Loss: 1.9706, Validation Loss: 1.7855
2025-03-18 08:34:23,868 - Epoch 4: Train Accuracy: 51.91%, Validation Accuracy: 59.03%, Train Loss: 1.6497, Validation Loss: 1.5130
2025-03-18 08:34:23,868 - Epoch 5: Train Accuracy: 58.16%, Validation Accuracy: 53.47%, Train Loss: 1.4121, Validation Loss: 1.3127
2025-03-18 08:34:23,868 - Epoch 6: Train Accuracy: 57.29%, Validation Accuracy: 56.94%, Train Loss: 1.2307, Validation Loss: 1.1619
2025-03-18 08:34:23,868 - Epoch 7: Train Accuracy: 56.94%, Validation Accuracy: 58.33%, Train Loss: 1.1031, Validation Loss: 1.0550
2025-03-18 08:34:23,868 - Epoch 8: Train Accuracy: 64.58%, Validation Accuracy: 60.42%, Train Loss: 0.9903, Validation Loss: 0.9625
2025-03-18 08:34:23,868 - Epoch 9: Train Accuracy: 67.36%, Validation Accuracy: 63.89%, Train Loss: 0.8970, Validation Loss: 0.9028
2025-03-18 08:34:23,868 - Epoch 10: Train Accuracy: 68.23%, Validation Accuracy: 69.44%, Train Loss: 0.8214, Validation Loss: 0.8479
2025-03-18 08:34:23,868 - Epoch 11: Train Accuracy: 72.92%, Validation Accuracy: 67.36%, Train Loss: 0.7641, Validation Loss: 0.8276
2025-03-18 08:34:23,868 - Epoch 12: Train Accuracy: 75.87%, Validation Accuracy: 68.75%, Train Loss: 0.7055, Validation Loss: 0.7872
2025-03-18 08:34:23,868 - Epoch 13: Train Accuracy: 77.43%, Validation Accuracy: 68.06%, Train Loss: 0.6899, Validation Loss: 0.7928
2025-03-18 08:34:23,868 - Epoch 14: Train Accuracy: 79.34%, Validation Accuracy: 71.53%, Train Loss: 0.6304, Validation Loss: 0.7511
2025-03-18 08:34:23,868 - Epoch 15: Train Accuracy: 82.47%, Validation Accuracy: 73.61%, Train Loss: 0.5854, Validation Loss: 0.7168
2025-03-18 08:34:23,868 - Epoch 16: Train Accuracy: 85.59%, Validation Accuracy: 72.22%, Train Loss: 0.5381, Validation Loss: 0.7320
2025-03-18 08:34:23,868 - Epoch 17: Train Accuracy: 85.94%, Validation Accuracy: 73.61%, Train Loss: 0.4972, Validation Loss: 0.7149
2025-03-18 08:34:23,868 - Epoch 18: Train Accuracy: 88.72%, Validation Accuracy: 74.31%, Train Loss: 0.4647, Validation Loss: 0.7197
2025-03-18 08:34:23,868 - Epoch 19: Train Accuracy: 88.54%, Validation Accuracy: 74.31%, Train Loss: 0.4600, Validation Loss: 0.6675
2025-03-18 08:34:23,868 - Epoch 20: Train Accuracy: 90.62%, Validation Accuracy: 76.39%, Train Loss: 0.4058, Validation Loss: 0.6986
2025-03-18 08:34:23,868 - You are saving your model as an HDF5 file via `model.save()` or `keras.saving.save_model(model)`. This file format is considered legacy. We recommend using instead the native Keras format, e.g. `model.save('my_model.keras')` or `keras.saving.save_model(model, 'my_model.keras')`. 
2025-03-18 08:37:35,594 - Compiled the loaded model, but the compiled metrics have yet to be built. `model.compile_metrics` will be empty until you train or evaluate the model.
2025-03-18 08:38:04,937 - Compiled the loaded model, but the compiled metrics have yet to be built. `model.compile_metrics` will be empty until you train or evaluate the model.
2025-03-18 08:40:24,761 - B\u1eaft ð\u1ea7u hu\u1ea5n luy\u1ec7n mô h\xecnh
2025-03-18 08:41:24,352 - Ðánh giá mô h\xecnh trên t\u1eadp test
2025-03-18 08:41:24,641 - Test Loss: 0.6034, Test Accuracy: 80.56%
2025-03-18 08:41:24,641 - Epoch 1: Train Accuracy: 49.48%, Validation Accuracy: 50.00%, Train Loss: 2.9364, Validation Loss: 2.5970
2025-03-18 08:41:24,641 - Epoch 2: Train Accuracy: 51.56%, Validation Accuracy: 56.25%, Train Loss: 2.3507, Validation Loss: 2.0941
2025-03-18 08:41:24,641 - Epoch 3: Train Accuracy: 54.69%, Validation Accuracy: 50.00%, Train Loss: 1.9082, Validation Loss: 1.7219
2025-03-18 08:41:24,641 - Epoch 4: Train Accuracy: 56.08%, Validation Accuracy: 55.56%, Train Loss: 1.5850, Validation Loss: 1.4488
2025-03-18 08:41:24,642 - Epoch 5: Train Accuracy: 55.73%, Validation Accuracy: 56.25%, Train Loss: 1.3484, Validation Loss: 1.2531
2025-03-18 08:41:24,642 - Epoch 6: Train Accuracy: 58.85%, Validation Accuracy: 60.42%, Train Loss: 1.1748, Validation Loss: 1.1055
2025-03-18 08:41:24,642 - Epoch 7: Train Accuracy: 61.11%, Validation Accuracy: 60.42%, Train Loss: 1.0364, Validation Loss: 0.9945
2025-03-18 08:41:24,642 - Epoch 8: Train Accuracy: 62.50%, Validation Accuracy: 66.67%, Train Loss: 0.9439, Validation Loss: 0.9122
2025-03-18 08:41:24,642 - Epoch 9: Train Accuracy: 67.19%, Validation Accuracy: 68.06%, Train Loss: 0.8470, Validation Loss: 0.8558
2025-03-18 08:41:24,642 - Epoch 10: Train Accuracy: 69.79%, Validation Accuracy: 66.67%, Train Loss: 0.7660, Validation Loss: 0.8252
2025-03-18 08:41:24,642 - Epoch 11: Train Accuracy: 69.10%, Validation Accuracy: 67.36%, Train Loss: 0.7529, Validation Loss: 0.8230
2025-03-18 08:41:24,642 - Epoch 12: Train Accuracy: 72.40%, Validation Accuracy: 72.22%, Train Loss: 0.7097, Validation Loss: 0.7690
2025-03-18 08:41:24,642 - Epoch 13: Train Accuracy: 76.91%, Validation Accuracy: 72.92%, Train Loss: 0.6475, Validation Loss: 0.7311
2025-03-18 08:41:24,642 - Epoch 14: Train Accuracy: 77.78%, Validation Accuracy: 68.06%, Train Loss: 0.6114, Validation Loss: 0.7175
2025-03-18 08:41:24,642 - Epoch 15: Train Accuracy: 82.81%, Validation Accuracy: 75.69%, Train Loss: 0.5619, Validation Loss: 0.6907
2025-03-18 08:41:24,642 - Epoch 16: Train Accuracy: 84.38%, Validation Accuracy: 75.00%, Train Loss: 0.5199, Validation Loss: 0.6780
2025-03-18 08:41:24,642 - Epoch 17: Train Accuracy: 84.38%, Validation Accuracy: 75.69%, Train Loss: 0.5053, Validation Loss: 0.6387
2025-03-18 08:41:24,642 - Epoch 18: Train Accuracy: 83.85%, Validation Accuracy: 75.69%, Train Loss: 0.4857, Validation Loss: 0.6883
2025-03-18 08:41:24,642 - Epoch 19: Train Accuracy: 87.67%, Validation Accuracy: 75.69%, Train Loss: 0.4360, Validation Loss: 0.6083
2025-03-18 08:41:24,642 - Epoch 20: Train Accuracy: 88.37%, Validation Accuracy: 80.56%, Train Loss: 0.3997, Validation Loss: 0.6034
2025-03-18 08:42:55,160 - B\u1eaft ð\u1ea7u hu\u1ea5n luy\u1ec7n mô h\xecnh
2025-03-18 08:43:56,220 - Ðánh giá mô h\xecnh trên t\u1eadp test
2025-03-18 08:43:56,522 - Test Loss: 0.6117, Test Accuracy: 79.17%
2025-03-18 08:43:56,522 - Epoch 1: Train Accuracy: 49.65%, Validation Accuracy: 50.00%, Train Loss: 2.9265, Validation Loss: 2.5812
2025-03-18 08:43:56,522 - Epoch 2: Train Accuracy: 52.08%, Validation Accuracy: 50.00%, Train Loss: 2.3301, Validation Loss: 2.0645
2025-03-18 08:43:56,522 - Epoch 3: Train Accuracy: 58.68%, Validation Accuracy: 63.89%, Train Loss: 1.8697, Validation Loss: 1.6820
2025-03-18 08:43:56,522 - Epoch 4: Train Accuracy: 52.60%, Validation Accuracy: 61.81%, Train Loss: 1.5477, Validation Loss: 1.4080
2025-03-18 08:43:56,522 - Epoch 5: Train Accuracy: 57.12%, Validation Accuracy: 65.97%, Train Loss: 1.3105, Validation Loss: 1.2108
2025-03-18 08:43:56,522 - Epoch 6: Train Accuracy: 62.67%, Validation Accuracy: 65.97%, Train Loss: 1.1295, Validation Loss: 1.0651
2025-03-18 08:43:56,522 - Epoch 7: Train Accuracy: 66.15%, Validation Accuracy: 61.81%, Train Loss: 0.9884, Validation Loss: 0.9618
2025-03-18 08:43:56,522 - Epoch 8: Train Accuracy: 62.85%, Validation Accuracy: 62.50%, Train Loss: 0.9013, Validation Loss: 0.8856
2025-03-18 08:43:56,522 - Epoch 9: Train Accuracy: 66.15%, Validation Accuracy: 69.44%, Train Loss: 0.8369, Validation Loss: 0.8242
2025-03-18 08:43:56,522 - Epoch 10: Train Accuracy: 72.05%, Validation Accuracy: 68.75%, Train Loss: 0.7501, Validation Loss: 0.7858
2025-03-18 08:43:56,522 - Epoch 11: Train Accuracy: 72.92%, Validation Accuracy: 73.61%, Train Loss: 0.7179, Validation Loss: 0.7853
2025-03-18 08:43:56,522 - Epoch 12: Train Accuracy: 76.04%, Validation Accuracy: 73.61%, Train Loss: 0.6836, Validation Loss: 0.7455
2025-03-18 08:43:56,522 - Epoch 13: Train Accuracy: 76.74%, Validation Accuracy: 70.83%, Train Loss: 0.6260, Validation Loss: 0.7157
2025-03-18 08:43:56,522 - Epoch 14: Train Accuracy: 77.08%, Validation Accuracy: 74.31%, Train Loss: 0.6268, Validation Loss: 0.7033
2025-03-18 08:43:56,522 - Epoch 15: Train Accuracy: 82.29%, Validation Accuracy: 73.61%, Train Loss: 0.5596, Validation Loss: 0.6714
2025-03-18 08:43:56,522 - Epoch 16: Train Accuracy: 84.20%, Validation Accuracy: 74.31%, Train Loss: 0.5293, Validation Loss: 0.6525
2025-03-18 08:43:56,522 - Epoch 17: Train Accuracy: 85.42%, Validation Accuracy: 77.08%, Train Loss: 0.4904, Validation Loss: 0.6442
2025-03-18 08:43:56,522 - Epoch 18: Train Accuracy: 86.28%, Validation Accuracy: 76.39%, Train Loss: 0.4638, Validation Loss: 0.6351
2025-03-18 08:43:56,522 - Epoch 19: Train Accuracy: 86.81%, Validation Accuracy: 79.17%, Train Loss: 0.4371, Validation Loss: 0.6200
2025-03-18 08:43:56,522 - Epoch 20: Train Accuracy: 87.15%, Validation Accuracy: 79.17%, Train Loss: 0.4513, Validation Loss: 0.6117
2025-03-18 08:46:30,855 - Compiled the loaded model, but the compiled metrics have yet to be built. `model.compile_metrics` will be empty until you train or evaluate the model.
2025-03-18 09:11:14,643 - B\u1eaft ð\u1ea7u hu\u1ea5n luy\u1ec7n mô h\xecnh
2025-03-18 09:12:15,878 - Ðánh giá mô h\xecnh trên t\u1eadp test
2025-03-18 09:12:16,145 - Test Loss: 0.5834, Test Accuracy: 77.63%
2025-03-18 09:12:16,145 - Epoch 1: Train Accuracy: 48.84%, Validation Accuracy: 52.63%, Train Loss: 2.9201, Validation Loss: 2.5674
2025-03-18 09:12:16,145 - Epoch 2: Train Accuracy: 54.29%, Validation Accuracy: 60.53%, Train Loss: 2.3133, Validation Loss: 2.0465
2025-03-18 09:12:16,145 - Epoch 3: Train Accuracy: 60.40%, Validation Accuracy: 52.63%, Train Loss: 1.8501, Validation Loss: 1.6588
2025-03-18 09:12:16,145 - Epoch 4: Train Accuracy: 53.63%, Validation Accuracy: 62.50%, Train Loss: 1.5273, Validation Loss: 1.3867
2025-03-18 09:12:16,145 - Epoch 5: Train Accuracy: 57.26%, Validation Accuracy: 61.84%, Train Loss: 1.2868, Validation Loss: 1.1870
2025-03-18 09:12:16,145 - Epoch 6: Train Accuracy: 62.05%, Validation Accuracy: 63.82%, Train Loss: 1.1133, Validation Loss: 1.0400
2025-03-18 09:12:16,145 - Epoch 7: Train Accuracy: 62.05%, Validation Accuracy: 58.55%, Train Loss: 0.9805, Validation Loss: 0.9546
2025-03-18 09:12:16,145 - Epoch 8: Train Accuracy: 67.16%, Validation Accuracy: 68.42%, Train Loss: 0.8932, Validation Loss: 0.8631
2025-03-18 09:12:16,145 - Epoch 9: Train Accuracy: 70.46%, Validation Accuracy: 75.66%, Train Loss: 0.8054, Validation Loss: 0.7922
2025-03-18 09:12:16,145 - Epoch 10: Train Accuracy: 74.75%, Validation Accuracy: 70.39%, Train Loss: 0.7310, Validation Loss: 0.7766
2025-03-18 09:12:16,145 - Epoch 11: Train Accuracy: 76.73%, Validation Accuracy: 72.37%, Train Loss: 0.6843, Validation Loss: 0.7231
2025-03-18 09:12:16,145 - Epoch 12: Train Accuracy: 78.05%, Validation Accuracy: 76.97%, Train Loss: 0.6281, Validation Loss: 0.6972
2025-03-18 09:12:16,145 - Epoch 13: Train Accuracy: 78.55%, Validation Accuracy: 76.97%, Train Loss: 0.6250, Validation Loss: 0.6677
2025-03-18 09:12:16,145 - Epoch 14: Train Accuracy: 82.34%, Validation Accuracy: 76.97%, Train Loss: 0.5817, Validation Loss: 0.6431
2025-03-18 09:12:16,145 - Epoch 15: Train Accuracy: 82.18%, Validation Accuracy: 76.97%, Train Loss: 0.5363, Validation Loss: 0.6357
2025-03-18 09:12:16,145 - Epoch 16: Train Accuracy: 85.15%, Validation Accuracy: 78.95%, Train Loss: 0.4976, Validation Loss: 0.6211
2025-03-18 09:12:16,145 - Epoch 17: Train Accuracy: 88.28%, Validation Accuracy: 80.26%, Train Loss: 0.4768, Validation Loss: 0.6105
2025-03-18 09:12:16,145 - Epoch 18: Train Accuracy: 85.97%, Validation Accuracy: 76.32%, Train Loss: 0.4615, Validation Loss: 0.6367
2025-03-18 09:12:16,145 - Epoch 19: Train Accuracy: 89.27%, Validation Accuracy: 76.97%, Train Loss: 0.4330, Validation Loss: 0.5942
2025-03-18 09:12:16,145 - Epoch 20: Train Accuracy: 90.26%, Validation Accuracy: 77.63%, Train Loss: 0.3914, Validation Loss: 0.5834
2025-04-14 18:24:53,894 - B\u1eaft ð\u1ea7u hu\u1ea5n luy\u1ec7n mô h\xecnh
2025-04-14 18:26:09,328 - Ðánh giá mô h\xecnh trên t\u1eadp test
2025-04-14 18:26:09,824 - Test Loss: 0.5640, Test Accuracy: 78.95%
2025-04-14 18:26:09,824 - Epoch 1: Train Accuracy: 47.69%, Validation Accuracy: 52.63%, Train Loss: 2.9132, Validation Loss: 2.5553
2025-04-14 18:26:09,824 - Epoch 2: Train Accuracy: 51.65%, Validation Accuracy: 52.63%, Train Loss: 2.2962, Validation Loss: 2.0238
2025-04-14 18:26:09,824 - Epoch 3: Train Accuracy: 52.15%, Validation Accuracy: 52.63%, Train Loss: 1.8356, Validation Loss: 1.6369
2025-04-14 18:26:09,824 - Epoch 4: Train Accuracy: 54.46%, Validation Accuracy: 52.63%, Train Loss: 1.5015, Validation Loss: 1.3620
2025-04-14 18:26:09,824 - Epoch 5: Train Accuracy: 57.26%, Validation Accuracy: 59.21%, Train Loss: 1.2639, Validation Loss: 1.1653
2025-04-14 18:26:09,824 - Epoch 6: Train Accuracy: 63.20%, Validation Accuracy: 55.26%, Train Loss: 1.0912, Validation Loss: 1.0279
2025-04-14 18:26:09,824 - Epoch 7: Train Accuracy: 60.40%, Validation Accuracy: 59.21%, Train Loss: 0.9767, Validation Loss: 0.9264
2025-04-14 18:26:09,824 - Epoch 8: Train Accuracy: 64.69%, Validation Accuracy: 70.39%, Train Loss: 0.8778, Validation Loss: 0.8524
2025-04-14 18:26:09,824 - Epoch 9: Train Accuracy: 63.70%, Validation Accuracy: 71.71%, Train Loss: 0.8351, Validation Loss: 0.8155
2025-04-14 18:26:09,824 - Epoch 10: Train Accuracy: 70.46%, Validation Accuracy: 73.03%, Train Loss: 0.7772, Validation Loss: 0.7495
2025-04-14 18:26:09,824 - Epoch 11: Train Accuracy: 68.65%, Validation Accuracy: 75.00%, Train Loss: 0.7185, Validation Loss: 0.7215
2025-04-14 18:26:09,824 - Epoch 12: Train Accuracy: 76.57%, Validation Accuracy: 75.00%, Train Loss: 0.6670, Validation Loss: 0.6856
2025-04-14 18:26:09,824 - Epoch 13: Train Accuracy: 75.58%, Validation Accuracy: 73.68%, Train Loss: 0.6299, Validation Loss: 0.6714
2025-04-14 18:26:09,824 - Epoch 14: Train Accuracy: 77.89%, Validation Accuracy: 75.00%, Train Loss: 0.6067, Validation Loss: 0.6382
2025-04-14 18:26:09,834 - Epoch 15: Train Accuracy: 77.89%, Validation Accuracy: 75.66%, Train Loss: 0.6044, Validation Loss: 0.6434
2025-04-14 18:26:09,834 - Epoch 16: Train Accuracy: 79.87%, Validation Accuracy: 76.97%, Train Loss: 0.5651, Validation Loss: 0.6348
2025-04-14 18:26:09,834 - Epoch 17: Train Accuracy: 83.17%, Validation Accuracy: 78.29%, Train Loss: 0.5385, Validation Loss: 0.5979
2025-04-14 18:26:09,835 - Epoch 18: Train Accuracy: 84.32%, Validation Accuracy: 80.92%, Train Loss: 0.4924, Validation Loss: 0.5867
2025-04-14 18:26:09,835 - Epoch 19: Train Accuracy: 87.13%, Validation Accuracy: 78.95%, Train Loss: 0.4643, Validation Loss: 0.5906
2025-04-14 18:26:09,835 - Epoch 20: Train Accuracy: 88.12%, Validation Accuracy: 78.95%, Train Loss: 0.4462, Validation Loss: 0.5640
2025-04-14 18:26:17,704 - So sánh ð\u1ed9 týõng ð\u1ed3ng gi\u1eefa \u1ea3nh test và \u1ea3nh th\u1eadt trong train
2025-04-14 18:26:37,251 - So sánh ð\u1ed9 týõng ð\u1ed3ng gi\u1eefa \u1ea3nh test và \u1ea3nh th\u1eadt trong train
2025-04-14 18:26:37,254 - \u1ea2nh test 1: Label = Th\u1eadt, Similarity cao nh\u1ea5t v\u1edbi \u1ea3nh th\u1eadt = 1.0000
2025-04-14 18:26:37,255 - \u1ea2nh test 2: Label = Th\u1eadt, Similarity cao nh\u1ea5t v\u1edbi \u1ea3nh th\u1eadt = 1.0000
2025-04-14 18:26:37,257 - \u1ea2nh test 3: Label = Th\u1eadt, Similarity cao nh\u1ea5t v\u1edbi \u1ea3nh th\u1eadt = 1.0000
2025-04-14 18:26:37,261 - \u1ea2nh test 4: Label = Th\u1eadt, Similarity cao nh\u1ea5t v\u1edbi \u1ea3nh th\u1eadt = 1.0000
2025-04-14 18:26:37,262 - \u1ea2nh test 5: Label = Th\u1eadt, Similarity cao nh\u1ea5t v\u1edbi \u1ea3nh th\u1eadt = 1.0000
2025-04-14 18:26:37,264 - \u1ea2nh test 6: Label = Th\u1eadt, Similarity cao nh\u1ea5t v\u1edbi \u1ea3nh th\u1eadt = 1.0000
2025-04-14 18:26:37,264 - \u1ea2nh test 7: Label = Th\u1eadt, Similarity cao nh\u1ea5t v\u1edbi \u1ea3nh th\u1eadt = 1.0000
2025-04-14 18:26:37,264 - \u1ea2nh test 8: Label = Th\u1eadt, Similarity cao nh\u1ea5t v\u1edbi \u1ea3nh th\u1eadt = 0.9886
2025-04-14 18:26:37,266 - \u1ea2nh test 9: Label = Th\u1eadt, Similarity cao nh\u1ea5t v\u1edbi \u1ea3nh th\u1eadt = 0.9918
2025-04-14 18:26:37,266 - \u1ea2nh test 10: Label = Th\u1eadt, Similarity cao nh\u1ea5t v\u1edbi \u1ea3nh th\u1eadt = 1.0000
2025-04-14 18:26:37,266 - \u1ea2nh test 11: Label = Th\u1eadt, Similarity cao nh\u1ea5t v\u1edbi \u1ea3nh th\u1eadt = 0.9986
2025-04-14 18:26:37,268 - \u1ea2nh test 12: Label = Th\u1eadt, Similarity cao nh\u1ea5t v\u1edbi \u1ea3nh th\u1eadt = 1.0000
2025-04-14 18:26:37,268 - \u1ea2nh test 13: Label = Th\u1eadt, Similarity cao nh\u1ea5t v\u1edbi \u1ea3nh th\u1eadt = 0.9946
2025-04-14 18:26:37,268 - \u1ea2nh test 14: Label = Th\u1eadt, Similarity cao nh\u1ea5t v\u1edbi \u1ea3nh th\u1eadt = 0.9173
2025-04-14 18:26:37,270 - \u1ea2nh test 15: Label = Th\u1eadt, Similarity cao nh\u1ea5t v\u1edbi \u1ea3nh th\u1eadt = 0.9842
2025-04-14 18:26:37,272 - \u1ea2nh test 16: Label = Th\u1eadt, Similarity cao nh\u1ea5t v\u1edbi \u1ea3nh th\u1eadt = 1.0000
2025-04-14 18:26:37,272 - \u1ea2nh test 17: Label = Th\u1eadt, Similarity cao nh\u1ea5t v\u1edbi \u1ea3nh th\u1eadt = 1.0000
2025-04-14 18:26:37,274 - \u1ea2nh test 18: Label = Th\u1eadt, Similarity cao nh\u1ea5t v\u1edbi \u1ea3nh th\u1eadt = 1.0000
2025-04-14 18:26:37,275 - \u1ea2nh test 19: Label = Th\u1eadt, Similarity cao nh\u1ea5t v\u1edbi \u1ea3nh th\u1eadt = 0.9152
2025-04-14 18:26:37,277 - \u1ea2nh test 20: Label = Th\u1eadt, Similarity cao nh\u1ea5t v\u1edbi \u1ea3nh th\u1eadt = 0.9820
2025-04-14 18:26:37,278 - \u1ea2nh test 21: Label = Th\u1eadt, Similarity cao nh\u1ea5t v\u1edbi \u1ea3nh th\u1eadt = 1.0000
2025-04-14 18:26:37,280 - \u1ea2nh test 22: Label = Th\u1eadt, Similarity cao nh\u1ea5t v\u1edbi \u1ea3nh th\u1eadt = 0.9886
2025-04-14 18:26:37,280 - \u1ea2nh test 23: Label = Th\u1eadt, Similarity cao nh\u1ea5t v\u1edbi \u1ea3nh th\u1eadt = 0.9152
2025-04-14 18:26:37,280 - \u1ea2nh test 24: Label = Th\u1eadt, Similarity cao nh\u1ea5t v\u1edbi \u1ea3nh th\u1eadt = 1.0000
2025-04-14 18:26:37,280 - \u1ea2nh test 25: Label = Th\u1eadt, Similarity cao nh\u1ea5t v\u1edbi \u1ea3nh th\u1eadt = 1.0000
2025-04-14 18:26:37,284 - \u1ea2nh test 26: Label = Th\u1eadt, Similarity cao nh\u1ea5t v\u1edbi \u1ea3nh th\u1eadt = 0.9962
2025-04-14 18:26:37,285 - \u1ea2nh test 27: Label = Th\u1eadt, Similarity cao nh\u1ea5t v\u1edbi \u1ea3nh th\u1eadt = 1.0000
2025-04-14 18:26:37,285 - \u1ea2nh test 28: Label = Th\u1eadt, Similarity cao nh\u1ea5t v\u1edbi \u1ea3nh th\u1eadt = 0.9726
2025-04-14 18:26:37,287 - \u1ea2nh test 29: Label = Th\u1eadt, Similarity cao nh\u1ea5t v\u1edbi \u1ea3nh th\u1eadt = 1.0000
2025-04-14 18:26:37,288 - \u1ea2nh test 30: Label = Th\u1eadt, Similarity cao nh\u1ea5t v\u1edbi \u1ea3nh th\u1eadt = 1.0000
2025-04-14 18:26:37,288 - \u1ea2nh test 31: Label = Th\u1eadt, Similarity cao nh\u1ea5t v\u1edbi \u1ea3nh th\u1eadt = 0.9986
2025-04-14 18:26:37,288 - \u1ea2nh test 32: Label = Th\u1eadt, Similarity cao nh\u1ea5t v\u1edbi \u1ea3nh th\u1eadt = 1.0000
2025-04-14 18:26:37,290 - \u1ea2nh test 33: Label = Th\u1eadt, Similarity cao nh\u1ea5t v\u1edbi \u1ea3nh th\u1eadt = 0.9917
2025-04-14 18:26:37,290 - \u1ea2nh test 34: Label = Th\u1eadt, Similarity cao nh\u1ea5t v\u1edbi \u1ea3nh th\u1eadt = 0.9908
2025-04-14 18:26:37,293 - \u1ea2nh test 35: Label = Th\u1eadt, Similarity cao nh\u1ea5t v\u1edbi \u1ea3nh th\u1eadt = 0.9993
2025-04-14 18:26:37,294 - \u1ea2nh test 36: Label = Th\u1eadt, Similarity cao nh\u1ea5t v\u1edbi \u1ea3nh th\u1eadt = 0.9991
2025-04-14 18:26:37,295 - \u1ea2nh test 37: Label = Th\u1eadt, Similarity cao nh\u1ea5t v\u1edbi \u1ea3nh th\u1eadt = 1.0000
2025-04-14 18:26:37,296 - \u1ea2nh test 38: Label = Th\u1eadt, Similarity cao nh\u1ea5t v\u1edbi \u1ea3nh th\u1eadt = 1.0000
2025-04-14 18:26:37,297 - \u1ea2nh test 39: Label = Th\u1eadt, Similarity cao nh\u1ea5t v\u1edbi \u1ea3nh th\u1eadt = 0.9996
2025-04-14 18:26:37,297 - \u1ea2nh test 40: Label = Th\u1eadt, Similarity cao nh\u1ea5t v\u1edbi \u1ea3nh th\u1eadt = 0.9988
2025-04-14 18:26:37,297 - \u1ea2nh test 41: Label = Th\u1eadt, Similarity cao nh\u1ea5t v\u1edbi \u1ea3nh th\u1eadt = 1.0000
2025-04-14 18:26:37,297 - \u1ea2nh test 42: Label = Th\u1eadt, Similarity cao nh\u1ea5t v\u1edbi \u1ea3nh th\u1eadt = 1.0000
2025-04-14 18:26:37,297 - \u1ea2nh test 43: Label = Th\u1eadt, Similarity cao nh\u1ea5t v\u1edbi \u1ea3nh th\u1eadt = 1.0000
2025-04-14 18:26:37,301 - \u1ea2nh test 44: Label = Th\u1eadt, Similarity cao nh\u1ea5t v\u1edbi \u1ea3nh th\u1eadt = 0.9971
2025-04-14 18:26:37,301 - \u1ea2nh test 45: Label = Th\u1eadt, Similarity cao nh\u1ea5t v\u1edbi \u1ea3nh th\u1eadt = 1.0000
2025-04-14 18:26:37,304 - \u1ea2nh test 46: Label = Th\u1eadt, Similarity cao nh\u1ea5t v\u1edbi \u1ea3nh th\u1eadt = 0.9797
2025-04-14 18:26:37,304 - \u1ea2nh test 47: Label = Th\u1eadt, Similarity cao nh\u1ea5t v\u1edbi \u1ea3nh th\u1eadt = 0.9962
2025-04-14 18:26:37,304 - \u1ea2nh test 48: Label = Th\u1eadt, Similarity cao nh\u1ea5t v\u1edbi \u1ea3nh th\u1eadt = 1.0000
2025-04-14 18:26:37,304 - \u1ea2nh test 49: Label = Th\u1eadt, Similarity cao nh\u1ea5t v\u1edbi \u1ea3nh th\u1eadt = 0.9946
2025-04-14 18:26:37,304 - \u1ea2nh test 50: Label = Th\u1eadt, Similarity cao nh\u1ea5t v\u1edbi \u1ea3nh th\u1eadt = 0.9057
2025-04-14 18:26:37,308 - \u1ea2nh test 51: Label = Th\u1eadt, Similarity cao nh\u1ea5t v\u1edbi \u1ea3nh th\u1eadt = 1.0000
2025-04-14 18:26:37,308 - \u1ea2nh test 52: Label = Th\u1eadt, Similarity cao nh\u1ea5t v\u1edbi \u1ea3nh th\u1eadt = 1.0000
2025-04-14 18:26:37,309 - \u1ea2nh test 53: Label = Th\u1eadt, Similarity cao nh\u1ea5t v\u1edbi \u1ea3nh th\u1eadt = 0.9332
2025-04-14 18:26:37,309 - \u1ea2nh test 54: Label = Th\u1eadt, Similarity cao nh\u1ea5t v\u1edbi \u1ea3nh th\u1eadt = 1.0000
2025-04-14 18:26:37,309 - \u1ea2nh test 55: Label = Th\u1eadt, Similarity cao nh\u1ea5t v\u1edbi \u1ea3nh th\u1eadt = 0.9827
2025-04-14 18:26:37,313 - \u1ea2nh test 56: Label = Th\u1eadt, Similarity cao nh\u1ea5t v\u1edbi \u1ea3nh th\u1eadt = 0.9798
2025-04-14 18:26:37,313 - \u1ea2nh test 57: Label = Th\u1eadt, Similarity cao nh\u1ea5t v\u1edbi \u1ea3nh th\u1eadt = 0.9908
2025-04-14 18:26:37,314 - \u1ea2nh test 58: Label = Th\u1eadt, Similarity cao nh\u1ea5t v\u1edbi \u1ea3nh th\u1eadt = 0.9936
2025-04-14 18:26:37,314 - \u1ea2nh test 59: Label = Th\u1eadt, Similarity cao nh\u1ea5t v\u1edbi \u1ea3nh th\u1eadt = 1.0000
2025-04-14 18:26:37,314 - \u1ea2nh test 60: Label = Th\u1eadt, Similarity cao nh\u1ea5t v\u1edbi \u1ea3nh th\u1eadt = 0.8563
2025-04-14 18:26:37,316 - \u1ea2nh test 61: Label = Th\u1eadt, Similarity cao nh\u1ea5t v\u1edbi \u1ea3nh th\u1eadt = 0.9918
2025-04-14 18:26:37,316 - \u1ea2nh test 62: Label = Th\u1eadt, Similarity cao nh\u1ea5t v\u1edbi \u1ea3nh th\u1eadt = 0.9995
2025-04-14 18:26:37,316 - \u1ea2nh test 63: Label = Th\u1eadt, Similarity cao nh\u1ea5t v\u1edbi \u1ea3nh th\u1eadt = 0.9995
2025-04-14 18:26:37,316 - \u1ea2nh test 64: Label = Th\u1eadt, Similarity cao nh\u1ea5t v\u1edbi \u1ea3nh th\u1eadt = 1.0000
2025-04-14 18:26:37,318 - \u1ea2nh test 65: Label = Th\u1eadt, Similarity cao nh\u1ea5t v\u1edbi \u1ea3nh th\u1eadt = 1.0000
2025-04-14 18:26:37,318 - \u1ea2nh test 66: Label = Th\u1eadt, Similarity cao nh\u1ea5t v\u1edbi \u1ea3nh th\u1eadt = 1.0000
2025-04-14 18:26:37,318 - \u1ea2nh test 67: Label = Th\u1eadt, Similarity cao nh\u1ea5t v\u1edbi \u1ea3nh th\u1eadt = 0.9847
2025-04-14 18:26:37,318 - \u1ea2nh test 68: Label = Th\u1eadt, Similarity cao nh\u1ea5t v\u1edbi \u1ea3nh th\u1eadt = 1.0000
2025-04-14 18:26:37,320 - \u1ea2nh test 69: Label = Th\u1eadt, Similarity cao nh\u1ea5t v\u1edbi \u1ea3nh th\u1eadt = 0.9885
2025-04-14 18:26:37,320 - \u1ea2nh test 70: Label = Th\u1eadt, Similarity cao nh\u1ea5t v\u1edbi \u1ea3nh th\u1eadt = 0.9993
2025-04-14 18:26:37,320 - \u1ea2nh test 71: Label = Th\u1eadt, Similarity cao nh\u1ea5t v\u1edbi \u1ea3nh th\u1eadt = 0.9991
2025-04-14 18:26:37,322 - \u1ea2nh test 72: Label = Th\u1eadt, Similarity cao nh\u1ea5t v\u1edbi \u1ea3nh th\u1eadt = 1.0000
2025-04-14 18:26:37,322 - \u1ea2nh test 73: Label = Gi\u1ea3, Similarity cao nh\u1ea5t v\u1edbi \u1ea3nh th\u1eadt = 0.8970
2025-04-14 18:26:37,322 - \u1ea2nh test 74: Label = Gi\u1ea3, Similarity cao nh\u1ea5t v\u1edbi \u1ea3nh th\u1eadt = 0.9364
2025-04-14 18:26:37,322 - \u1ea2nh test 75: Label = Gi\u1ea3, Similarity cao nh\u1ea5t v\u1edbi \u1ea3nh th\u1eadt = 0.9191
2025-04-14 18:26:37,324 - \u1ea2nh test 76: Label = Gi\u1ea3, Similarity cao nh\u1ea5t v\u1edbi \u1ea3nh th\u1eadt = 0.9352
2025-04-14 18:26:37,324 - \u1ea2nh test 77: Label = Gi\u1ea3, Similarity cao nh\u1ea5t v\u1edbi \u1ea3nh th\u1eadt = 0.8659
2025-04-14 18:26:37,326 - \u1ea2nh test 78: Label = Gi\u1ea3, Similarity cao nh\u1ea5t v\u1edbi \u1ea3nh th\u1eadt = 0.9127
2025-04-14 18:26:37,328 - \u1ea2nh test 79: Label = Gi\u1ea3, Similarity cao nh\u1ea5t v\u1edbi \u1ea3nh th\u1eadt = 0.8747
2025-04-14 18:26:37,328 - \u1ea2nh test 80: Label = Gi\u1ea3, Similarity cao nh\u1ea5t v\u1edbi \u1ea3nh th\u1eadt = 0.9067
2025-04-14 18:26:37,331 - \u1ea2nh test 81: Label = Gi\u1ea3, Similarity cao nh\u1ea5t v\u1edbi \u1ea3nh th\u1eadt = 0.9238
2025-04-14 18:26:37,331 - \u1ea2nh test 82: Label = Gi\u1ea3, Similarity cao nh\u1ea5t v\u1edbi \u1ea3nh th\u1eadt = 0.9452
2025-04-14 18:26:37,331 - \u1ea2nh test 83: Label = Gi\u1ea3, Similarity cao nh\u1ea5t v\u1edbi \u1ea3nh th\u1eadt = 0.9387
2025-04-14 18:26:37,334 - \u1ea2nh test 84: Label = Gi\u1ea3, Similarity cao nh\u1ea5t v\u1edbi \u1ea3nh th\u1eadt = 0.9025
2025-04-14 18:26:37,334 - \u1ea2nh test 85: Label = Gi\u1ea3, Similarity cao nh\u1ea5t v\u1edbi \u1ea3nh th\u1eadt = 0.9268
2025-04-14 18:26:37,334 - \u1ea2nh test 86: Label = Gi\u1ea3, Similarity cao nh\u1ea5t v\u1edbi \u1ea3nh th\u1eadt = 0.8725
2025-04-14 18:26:37,334 - \u1ea2nh test 87: Label = Gi\u1ea3, Similarity cao nh\u1ea5t v\u1edbi \u1ea3nh th\u1eadt = 0.9678
2025-04-14 18:26:37,339 - \u1ea2nh test 88: Label = Gi\u1ea3, Similarity cao nh\u1ea5t v\u1edbi \u1ea3nh th\u1eadt = 0.8920
2025-04-14 18:26:37,340 - \u1ea2nh test 89: Label = Gi\u1ea3, Similarity cao nh\u1ea5t v\u1edbi \u1ea3nh th\u1eadt = 0.9380
2025-04-14 18:26:37,340 - \u1ea2nh test 90: Label = Gi\u1ea3, Similarity cao nh\u1ea5t v\u1edbi \u1ea3nh th\u1eadt = 0.9746
2025-04-14 18:26:37,343 - \u1ea2nh test 91: Label = Gi\u1ea3, Similarity cao nh\u1ea5t v\u1edbi \u1ea3nh th\u1eadt = 0.9431
2025-04-14 18:26:37,344 - \u1ea2nh test 92: Label = Gi\u1ea3, Similarity cao nh\u1ea5t v\u1edbi \u1ea3nh th\u1eadt = 0.9662
2025-04-14 18:26:37,344 - \u1ea2nh test 93: Label = Gi\u1ea3, Similarity cao nh\u1ea5t v\u1edbi \u1ea3nh th\u1eadt = 0.9595
2025-04-14 18:26:37,346 - \u1ea2nh test 94: Label = Gi\u1ea3, Similarity cao nh\u1ea5t v\u1edbi \u1ea3nh th\u1eadt = 0.9372
2025-04-14 18:26:37,346 - \u1ea2nh test 95: Label = Gi\u1ea3, Similarity cao nh\u1ea5t v\u1edbi \u1ea3nh th\u1eadt = 0.9002
2025-04-14 18:26:37,349 - \u1ea2nh test 96: Label = Gi\u1ea3, Similarity cao nh\u1ea5t v\u1edbi \u1ea3nh th\u1eadt = 0.9265
2025-04-14 18:26:37,351 - \u1ea2nh test 97: Label = Gi\u1ea3, Similarity cao nh\u1ea5t v\u1edbi \u1ea3nh th\u1eadt = 0.9119
2025-04-14 18:26:37,351 - \u1ea2nh test 98: Label = Gi\u1ea3, Similarity cao nh\u1ea5t v\u1edbi \u1ea3nh th\u1eadt = 0.8528
2025-04-14 18:26:37,351 - \u1ea2nh test 99: Label = Gi\u1ea3, Similarity cao nh\u1ea5t v\u1edbi \u1ea3nh th\u1eadt = 0.9165
2025-04-14 18:26:37,353 - \u1ea2nh test 100: Label = Gi\u1ea3, Similarity cao nh\u1ea5t v\u1edbi \u1ea3nh th\u1eadt = 0.8986
2025-04-14 18:26:37,353 - \u1ea2nh test 101: Label = Gi\u1ea3, Similarity cao nh\u1ea5t v\u1edbi \u1ea3nh th\u1eadt = 0.9724
2025-04-14 18:26:37,355 - \u1ea2nh test 102: Label = Gi\u1ea3, Similarity cao nh\u1ea5t v\u1edbi \u1ea3nh th\u1eadt = 0.9461
2025-04-14 18:26:37,355 - \u1ea2nh test 103: Label = Gi\u1ea3, Similarity cao nh\u1ea5t v\u1edbi \u1ea3nh th\u1eadt = 0.9062
2025-04-14 18:26:37,355 - \u1ea2nh test 104: Label = Gi\u1ea3, Similarity cao nh\u1ea5t v\u1edbi \u1ea3nh th\u1eadt = 0.8628
2025-04-14 18:26:37,359 - \u1ea2nh test 105: Label = Gi\u1ea3, Similarity cao nh\u1ea5t v\u1edbi \u1ea3nh th\u1eadt = 0.9119
2025-04-14 18:26:37,359 - \u1ea2nh test 106: Label = Gi\u1ea3, Similarity cao nh\u1ea5t v\u1edbi \u1ea3nh th\u1eadt = 0.9355
2025-04-14 18:26:37,360 - \u1ea2nh test 107: Label = Gi\u1ea3, Similarity cao nh\u1ea5t v\u1edbi \u1ea3nh th\u1eadt = 0.8970
2025-04-14 18:26:37,361 - \u1ea2nh test 108: Label = Gi\u1ea3, Similarity cao nh\u1ea5t v\u1edbi \u1ea3nh th\u1eadt = 0.9419
2025-04-14 18:26:37,363 - \u1ea2nh test 109: Label = Gi\u1ea3, Similarity cao nh\u1ea5t v\u1edbi \u1ea3nh th\u1eadt = 0.9578
2025-04-14 18:26:37,363 - \u1ea2nh test 110: Label = Gi\u1ea3, Similarity cao nh\u1ea5t v\u1edbi \u1ea3nh th\u1eadt = 0.9532
2025-04-14 18:26:37,365 - \u1ea2nh test 111: Label = Gi\u1ea3, Similarity cao nh\u1ea5t v\u1edbi \u1ea3nh th\u1eadt = 0.9352
2025-04-14 18:26:37,365 - \u1ea2nh test 112: Label = Gi\u1ea3, Similarity cao nh\u1ea5t v\u1edbi \u1ea3nh th\u1eadt = 0.8848
2025-04-14 18:26:37,367 - \u1ea2nh test 113: Label = Gi\u1ea3, Similarity cao nh\u1ea5t v\u1edbi \u1ea3nh th\u1eadt = 0.9167
2025-04-14 18:26:37,369 - \u1ea2nh test 114: Label = Gi\u1ea3, Similarity cao nh\u1ea5t v\u1edbi \u1ea3nh th\u1eadt = 0.9326
2025-04-14 18:26:37,369 - \u1ea2nh test 115: Label = Gi\u1ea3, Similarity cao nh\u1ea5t v\u1edbi \u1ea3nh th\u1eadt = 0.9581
2025-04-14 18:26:37,371 - \u1ea2nh test 116: Label = Gi\u1ea3, Similarity cao nh\u1ea5t v\u1edbi \u1ea3nh th\u1eadt = 0.9433
2025-04-14 18:26:37,371 - \u1ea2nh test 117: Label = Gi\u1ea3, Similarity cao nh\u1ea5t v\u1edbi \u1ea3nh th\u1eadt = 0.9823
2025-04-14 18:26:37,371 - \u1ea2nh test 118: Label = Gi\u1ea3, Similarity cao nh\u1ea5t v\u1edbi \u1ea3nh th\u1eadt = 0.9110
2025-04-14 18:26:37,374 - \u1ea2nh test 119: Label = Gi\u1ea3, Similarity cao nh\u1ea5t v\u1edbi \u1ea3nh th\u1eadt = 0.9283
2025-04-14 18:26:37,374 - \u1ea2nh test 120: Label = Gi\u1ea3, Similarity cao nh\u1ea5t v\u1edbi \u1ea3nh th\u1eadt = 0.9853
2025-04-14 18:26:37,376 - \u1ea2nh test 121: Label = Gi\u1ea3, Similarity cao nh\u1ea5t v\u1edbi \u1ea3nh th\u1eadt = 0.9181
2025-04-14 18:26:37,378 - \u1ea2nh test 122: Label = Gi\u1ea3, Similarity cao nh\u1ea5t v\u1edbi \u1ea3nh th\u1eadt = 0.8781
2025-04-14 18:26:37,380 - \u1ea2nh test 123: Label = Gi\u1ea3, Similarity cao nh\u1ea5t v\u1edbi \u1ea3nh th\u1eadt = 0.9756
2025-04-14 18:26:37,382 - \u1ea2nh test 124: Label = Gi\u1ea3, Similarity cao nh\u1ea5t v\u1edbi \u1ea3nh th\u1eadt = 0.9113
2025-04-14 18:26:37,384 - \u1ea2nh test 125: Label = Gi\u1ea3, Similarity cao nh\u1ea5t v\u1edbi \u1ea3nh th\u1eadt = 0.8824
2025-04-14 18:26:37,384 - \u1ea2nh test 126: Label = Gi\u1ea3, Similarity cao nh\u1ea5t v\u1edbi \u1ea3nh th\u1eadt = 0.9169
2025-04-14 18:26:37,386 - \u1ea2nh test 127: Label = Gi\u1ea3, Similarity cao nh\u1ea5t v\u1edbi \u1ea3nh th\u1eadt = 0.8718
2025-04-14 18:26:37,387 - \u1ea2nh test 128: Label = Gi\u1ea3, Similarity cao nh\u1ea5t v\u1edbi \u1ea3nh th\u1eadt = 0.9322
2025-04-14 18:26:37,387 - \u1ea2nh test 129: Label = Gi\u1ea3, Similarity cao nh\u1ea5t v\u1edbi \u1ea3nh th\u1eadt = 0.8912
2025-04-14 18:26:37,389 - \u1ea2nh test 130: Label = Gi\u1ea3, Similarity cao nh\u1ea5t v\u1edbi \u1ea3nh th\u1eadt = 0.9133
2025-04-14 18:26:37,389 - \u1ea2nh test 131: Label = Gi\u1ea3, Similarity cao nh\u1ea5t v\u1edbi \u1ea3nh th\u1eadt = 0.8913
2025-04-14 18:26:37,392 - \u1ea2nh test 132: Label = Gi\u1ea3, Similarity cao nh\u1ea5t v\u1edbi \u1ea3nh th\u1eadt = 0.9490
2025-04-14 18:26:37,393 - \u1ea2nh test 133: Label = Gi\u1ea3, Similarity cao nh\u1ea5t v\u1edbi \u1ea3nh th\u1eadt = 0.9759
2025-04-14 18:26:37,394 - \u1ea2nh test 134: Label = Gi\u1ea3, Similarity cao nh\u1ea5t v\u1edbi \u1ea3nh th\u1eadt = 0.9519
2025-04-14 18:26:37,394 - \u1ea2nh test 135: Label = Gi\u1ea3, Similarity cao nh\u1ea5t v\u1edbi \u1ea3nh th\u1eadt = 0.9801
2025-04-14 18:26:37,395 - \u1ea2nh test 136: Label = Gi\u1ea3, Similarity cao nh\u1ea5t v\u1edbi \u1ea3nh th\u1eadt = 0.9397
2025-04-14 18:26:37,395 - \u1ea2nh test 137: Label = Gi\u1ea3, Similarity cao nh\u1ea5t v\u1edbi \u1ea3nh th\u1eadt = 0.9445
2025-04-14 18:26:37,398 - \u1ea2nh test 138: Label = Gi\u1ea3, Similarity cao nh\u1ea5t v\u1edbi \u1ea3nh th\u1eadt = 0.9062
2025-04-14 18:26:37,398 - \u1ea2nh test 139: Label = Gi\u1ea3, Similarity cao nh\u1ea5t v\u1edbi \u1ea3nh th\u1eadt = 0.9326
2025-04-14 18:26:37,398 - \u1ea2nh test 140: Label = Gi\u1ea3, Similarity cao nh\u1ea5t v\u1edbi \u1ea3nh th\u1eadt = 0.9621
2025-04-14 18:26:37,398 - \u1ea2nh test 141: Label = Gi\u1ea3, Similarity cao nh\u1ea5t v\u1edbi \u1ea3nh th\u1eadt = 0.9718
2025-04-14 18:26:37,398 - \u1ea2nh test 142: Label = Gi\u1ea3, Similarity cao nh\u1ea5t v\u1edbi \u1ea3nh th\u1eadt = 0.8831
2025-04-14 18:26:37,402 - \u1ea2nh test 143: Label = Gi\u1ea3, Similarity cao nh\u1ea5t v\u1edbi \u1ea3nh th\u1eadt = 0.9342
2025-04-14 18:26:37,402 - \u1ea2nh test 144: Label = Gi\u1ea3, Similarity cao nh\u1ea5t v\u1edbi \u1ea3nh th\u1eadt = 0.9407
2025-04-14 18:26:37,404 - \u1ea2nh test 145: Label = Gi\u1ea3, Similarity cao nh\u1ea5t v\u1edbi \u1ea3nh th\u1eadt = 0.9352
2025-04-14 18:26:37,404 - \u1ea2nh test 146: Label = Gi\u1ea3, Similarity cao nh\u1ea5t v\u1edbi \u1ea3nh th\u1eadt = 0.9216
2025-04-14 18:26:37,406 - \u1ea2nh test 147: Label = Gi\u1ea3, Similarity cao nh\u1ea5t v\u1edbi \u1ea3nh th\u1eadt = 0.9362
2025-04-14 18:26:37,406 - \u1ea2nh test 148: Label = Gi\u1ea3, Similarity cao nh\u1ea5t v\u1edbi \u1ea3nh th\u1eadt = 0.8920
2025-04-14 18:26:37,408 - \u1ea2nh test 149: Label = Gi\u1ea3, Similarity cao nh\u1ea5t v\u1edbi \u1ea3nh th\u1eadt = 0.9244
2025-04-14 18:26:37,408 - \u1ea2nh test 150: Label = Gi\u1ea3, Similarity cao nh\u1ea5t v\u1edbi \u1ea3nh th\u1eadt = 0.8993
2025-04-14 18:26:37,410 - \u1ea2nh test 151: Label = Gi\u1ea3, Similarity cao nh\u1ea5t v\u1edbi \u1ea3nh th\u1eadt = 0.9387
2025-04-14 18:26:37,411 - \u1ea2nh test 152: Label = Gi\u1ea3, Similarity cao nh\u1ea5t v\u1edbi \u1ea3nh th\u1eadt = 0.9441
2025-04-14 18:30:36,357 - So sánh do tuong dong giua anh test và anh that trong train
2025-04-14 18:30:36,361 - \u1ea2nh test 1: Label = Real, Similarity cao nhat voi anh that = 1.0000
2025-04-14 18:30:36,362 - \u1ea2nh test 2: Label = Real, Similarity cao nhat voi anh that = 1.0000
2025-04-14 18:30:36,362 - \u1ea2nh test 3: Label = Real, Similarity cao nhat voi anh that = 1.0000
2025-04-14 18:30:36,364 - \u1ea2nh test 4: Label = Real, Similarity cao nhat voi anh that = 1.0000
2025-04-14 18:30:36,366 - \u1ea2nh test 5: Label = Real, Similarity cao nhat voi anh that = 1.0000
2025-04-14 18:30:36,368 - \u1ea2nh test 6: Label = Real, Similarity cao nhat voi anh that = 1.0000
2025-04-14 18:30:36,370 - \u1ea2nh test 7: Label = Real, Similarity cao nhat voi anh that = 1.0000
2025-04-14 18:30:36,370 - \u1ea2nh test 8: Label = Real, Similarity cao nhat voi anh that = 0.9886
2025-04-14 18:30:36,372 - \u1ea2nh test 9: Label = Real, Similarity cao nhat voi anh that = 0.9918
2025-04-14 18:30:36,372 - \u1ea2nh test 10: Label = Real, Similarity cao nhat voi anh that = 1.0000
2025-04-14 18:30:36,377 - \u1ea2nh test 11: Label = Real, Similarity cao nhat voi anh that = 0.9986
2025-04-14 18:30:36,377 - \u1ea2nh test 12: Label = Real, Similarity cao nhat voi anh that = 1.0000
2025-04-14 18:30:36,378 - \u1ea2nh test 13: Label = Real, Similarity cao nhat voi anh that = 0.9946
2025-04-14 18:30:36,378 - \u1ea2nh test 14: Label = Real, Similarity cao nhat voi anh that = 0.9173
2025-04-14 18:30:36,378 - \u1ea2nh test 15: Label = Real, Similarity cao nhat voi anh that = 0.9842
2025-04-14 18:30:36,378 - \u1ea2nh test 16: Label = Real, Similarity cao nhat voi anh that = 1.0000
2025-04-14 18:30:36,381 - \u1ea2nh test 17: Label = Real, Similarity cao nhat voi anh that = 1.0000
2025-04-14 18:30:36,382 - \u1ea2nh test 18: Label = Real, Similarity cao nhat voi anh that = 1.0000
2025-04-14 18:30:36,382 - \u1ea2nh test 19: Label = Real, Similarity cao nhat voi anh that = 0.9152
2025-04-14 18:30:36,383 - \u1ea2nh test 20: Label = Real, Similarity cao nhat voi anh that = 0.9820
2025-04-14 18:30:36,383 - \u1ea2nh test 21: Label = Real, Similarity cao nhat voi anh that = 1.0000
2025-04-14 18:30:36,385 - \u1ea2nh test 22: Label = Real, Similarity cao nhat voi anh that = 0.9886
2025-04-14 18:30:36,385 - \u1ea2nh test 23: Label = Real, Similarity cao nhat voi anh that = 0.9152
2025-04-14 18:30:36,385 - \u1ea2nh test 24: Label = Real, Similarity cao nhat voi anh that = 1.0000
2025-04-14 18:30:36,385 - \u1ea2nh test 25: Label = Real, Similarity cao nhat voi anh that = 1.0000
2025-04-14 18:30:36,391 - \u1ea2nh test 26: Label = Real, Similarity cao nhat voi anh that = 0.9962
2025-04-14 18:30:36,392 - \u1ea2nh test 27: Label = Real, Similarity cao nhat voi anh that = 1.0000
2025-04-14 18:30:36,394 - \u1ea2nh test 28: Label = Real, Similarity cao nhat voi anh that = 0.9726
2025-04-14 18:30:36,394 - \u1ea2nh test 29: Label = Real, Similarity cao nhat voi anh that = 1.0000
2025-04-14 18:30:36,398 - \u1ea2nh test 30: Label = Real, Similarity cao nhat voi anh that = 1.0000
2025-04-14 18:30:36,398 - \u1ea2nh test 31: Label = Real, Similarity cao nhat voi anh that = 0.9986
2025-04-14 18:30:36,398 - \u1ea2nh test 32: Label = Real, Similarity cao nhat voi anh that = 1.0000
2025-04-14 18:30:36,401 - \u1ea2nh test 33: Label = Real, Similarity cao nhat voi anh that = 0.9917
2025-04-14 18:30:36,402 - \u1ea2nh test 34: Label = Real, Similarity cao nhat voi anh that = 0.9908
2025-04-14 18:30:36,402 - \u1ea2nh test 35: Label = Real, Similarity cao nhat voi anh that = 0.9993
2025-04-14 18:30:36,402 - \u1ea2nh test 36: Label = Real, Similarity cao nhat voi anh that = 0.9991
2025-04-14 18:30:36,406 - \u1ea2nh test 37: Label = Real, Similarity cao nhat voi anh that = 1.0000
2025-04-14 18:30:36,407 - \u1ea2nh test 38: Label = Real, Similarity cao nhat voi anh that = 1.0000
2025-04-14 18:30:36,407 - \u1ea2nh test 39: Label = Real, Similarity cao nhat voi anh that = 0.9996
2025-04-14 18:30:36,407 - \u1ea2nh test 40: Label = Real, Similarity cao nhat voi anh that = 0.9988
2025-04-14 18:30:36,407 - \u1ea2nh test 41: Label = Real, Similarity cao nhat voi anh that = 1.0000
2025-04-14 18:30:36,412 - \u1ea2nh test 42: Label = Real, Similarity cao nhat voi anh that = 1.0000
2025-04-14 18:30:36,412 - \u1ea2nh test 43: Label = Real, Similarity cao nhat voi anh that = 1.0000
2025-04-14 18:30:36,412 - \u1ea2nh test 44: Label = Real, Similarity cao nhat voi anh that = 0.9971
2025-04-14 18:30:36,412 - \u1ea2nh test 45: Label = Real, Similarity cao nhat voi anh that = 1.0000
2025-04-14 18:30:36,416 - \u1ea2nh test 46: Label = Real, Similarity cao nhat voi anh that = 0.9797
2025-04-14 18:30:36,416 - \u1ea2nh test 47: Label = Real, Similarity cao nhat voi anh that = 0.9962
2025-04-14 18:30:36,416 - \u1ea2nh test 48: Label = Real, Similarity cao nhat voi anh that = 1.0000
2025-04-14 18:30:36,416 - \u1ea2nh test 49: Label = Real, Similarity cao nhat voi anh that = 0.9946
2025-04-14 18:30:36,416 - \u1ea2nh test 50: Label = Real, Similarity cao nhat voi anh that = 0.9057
2025-04-14 18:30:36,416 - \u1ea2nh test 51: Label = Real, Similarity cao nhat voi anh that = 1.0000
2025-04-14 18:30:36,416 - \u1ea2nh test 52: Label = Real, Similarity cao nhat voi anh that = 1.0000
2025-04-14 18:30:36,422 - \u1ea2nh test 53: Label = Real, Similarity cao nhat voi anh that = 0.9332
2025-04-14 18:30:36,422 - \u1ea2nh test 54: Label = Real, Similarity cao nhat voi anh that = 1.0000
2025-04-14 18:30:36,424 - \u1ea2nh test 55: Label = Real, Similarity cao nhat voi anh that = 0.9827
2025-04-14 18:30:36,424 - \u1ea2nh test 56: Label = Real, Similarity cao nhat voi anh that = 0.9798
2025-04-14 18:30:36,424 - \u1ea2nh test 57: Label = Real, Similarity cao nhat voi anh that = 0.9908
2025-04-14 18:30:36,424 - \u1ea2nh test 58: Label = Real, Similarity cao nhat voi anh that = 0.9936
2025-04-14 18:30:36,428 - \u1ea2nh test 59: Label = Real, Similarity cao nhat voi anh that = 1.0000
2025-04-14 18:30:36,428 - \u1ea2nh test 60: Label = Real, Similarity cao nhat voi anh that = 0.8563
2025-04-14 18:30:36,428 - \u1ea2nh test 61: Label = Real, Similarity cao nhat voi anh that = 0.9918
2025-04-14 18:30:36,428 - \u1ea2nh test 62: Label = Real, Similarity cao nhat voi anh that = 0.9995
2025-04-14 18:30:36,428 - \u1ea2nh test 63: Label = Real, Similarity cao nhat voi anh that = 0.9995
2025-04-14 18:30:36,428 - \u1ea2nh test 64: Label = Real, Similarity cao nhat voi anh that = 1.0000
2025-04-14 18:30:36,428 - \u1ea2nh test 65: Label = Real, Similarity cao nhat voi anh that = 1.0000
2025-04-14 18:30:36,428 - \u1ea2nh test 66: Label = Real, Similarity cao nhat voi anh that = 1.0000
2025-04-14 18:30:36,432 - \u1ea2nh test 67: Label = Real, Similarity cao nhat voi anh that = 0.9847
2025-04-14 18:30:36,432 - \u1ea2nh test 68: Label = Real, Similarity cao nhat voi anh that = 1.0000
2025-04-14 18:30:36,432 - \u1ea2nh test 69: Label = Real, Similarity cao nhat voi anh that = 0.9885
2025-04-14 18:30:36,433 - \u1ea2nh test 70: Label = Real, Similarity cao nhat voi anh that = 0.9993
2025-04-14 18:30:36,433 - \u1ea2nh test 71: Label = Real, Similarity cao nhat voi anh that = 0.9991
2025-04-14 18:30:36,433 - \u1ea2nh test 72: Label = Real, Similarity cao nhat voi anh that = 1.0000
2025-04-14 18:30:36,433 - \u1ea2nh test 73: Label = Fake, Similarity cao nhat voi anh that = 0.8970
2025-04-14 18:30:36,435 - \u1ea2nh test 74: Label = Fake, Similarity cao nhat voi anh that = 0.9364
2025-04-14 18:30:36,435 - \u1ea2nh test 75: Label = Fake, Similarity cao nhat voi anh that = 0.9191
2025-04-14 18:30:36,435 - \u1ea2nh test 76: Label = Fake, Similarity cao nhat voi anh that = 0.9352
2025-04-14 18:30:36,435 - \u1ea2nh test 77: Label = Fake, Similarity cao nhat voi anh that = 0.8659
2025-04-14 18:30:36,435 - \u1ea2nh test 78: Label = Fake, Similarity cao nhat voi anh that = 0.9127
2025-04-14 18:30:36,438 - \u1ea2nh test 79: Label = Fake, Similarity cao nhat voi anh that = 0.8747
2025-04-14 18:30:36,438 - \u1ea2nh test 80: Label = Fake, Similarity cao nhat voi anh that = 0.9067
2025-04-14 18:30:36,438 - \u1ea2nh test 81: Label = Fake, Similarity cao nhat voi anh that = 0.9238
2025-04-14 18:30:36,440 - \u1ea2nh test 82: Label = Fake, Similarity cao nhat voi anh that = 0.9452
2025-04-14 18:30:36,440 - \u1ea2nh test 83: Label = Fake, Similarity cao nhat voi anh that = 0.9387
2025-04-14 18:30:36,440 - \u1ea2nh test 84: Label = Fake, Similarity cao nhat voi anh that = 0.9025
2025-04-14 18:30:36,440 - \u1ea2nh test 85: Label = Fake, Similarity cao nhat voi anh that = 0.9268
2025-04-14 18:30:36,442 - \u1ea2nh test 86: Label = Fake, Similarity cao nhat voi anh that = 0.8725
2025-04-14 18:30:36,442 - \u1ea2nh test 87: Label = Fake, Similarity cao nhat voi anh that = 0.9678
2025-04-14 18:30:36,442 - \u1ea2nh test 88: Label = Fake, Similarity cao nhat voi anh that = 0.8920
2025-04-14 18:30:36,442 - \u1ea2nh test 89: Label = Fake, Similarity cao nhat voi anh that = 0.9380
2025-04-14 18:30:36,442 - \u1ea2nh test 90: Label = Fake, Similarity cao nhat voi anh that = 0.9746
2025-04-14 18:30:36,442 - \u1ea2nh test 91: Label = Fake, Similarity cao nhat voi anh that = 0.9431
2025-04-14 18:30:36,442 - \u1ea2nh test 92: Label = Fake, Similarity cao nhat voi anh that = 0.9662
2025-04-14 18:30:36,442 - \u1ea2nh test 93: Label = Fake, Similarity cao nhat voi anh that = 0.9595
2025-04-14 18:30:36,442 - \u1ea2nh test 94: Label = Fake, Similarity cao nhat voi anh that = 0.9372
2025-04-14 18:30:36,442 - \u1ea2nh test 95: Label = Fake, Similarity cao nhat voi anh that = 0.9002
2025-04-14 18:30:36,442 - \u1ea2nh test 96: Label = Fake, Similarity cao nhat voi anh that = 0.9265
2025-04-14 18:30:36,447 - \u1ea2nh test 97: Label = Fake, Similarity cao nhat voi anh that = 0.9119
2025-04-14 18:30:36,447 - \u1ea2nh test 98: Label = Fake, Similarity cao nhat voi anh that = 0.8528
2025-04-14 18:30:36,447 - \u1ea2nh test 99: Label = Fake, Similarity cao nhat voi anh that = 0.9165
2025-04-14 18:30:36,447 - \u1ea2nh test 100: Label = Fake, Similarity cao nhat voi anh that = 0.8986
2025-04-14 18:30:36,447 - \u1ea2nh test 101: Label = Fake, Similarity cao nhat voi anh that = 0.9724
2025-04-14 18:30:36,447 - \u1ea2nh test 102: Label = Fake, Similarity cao nhat voi anh that = 0.9461
2025-04-14 18:30:36,447 - \u1ea2nh test 103: Label = Fake, Similarity cao nhat voi anh that = 0.9062
2025-04-14 18:30:36,447 - \u1ea2nh test 104: Label = Fake, Similarity cao nhat voi anh that = 0.8628
2025-04-14 18:30:36,447 - \u1ea2nh test 105: Label = Fake, Similarity cao nhat voi anh that = 0.9119
2025-04-14 18:30:36,452 - \u1ea2nh test 106: Label = Fake, Similarity cao nhat voi anh that = 0.9355
2025-04-14 18:30:36,452 - \u1ea2nh test 107: Label = Fake, Similarity cao nhat voi anh that = 0.8970
2025-04-14 18:30:36,452 - \u1ea2nh test 108: Label = Fake, Similarity cao nhat voi anh that = 0.9419
2025-04-14 18:30:36,452 - \u1ea2nh test 109: Label = Fake, Similarity cao nhat voi anh that = 0.9578
2025-04-14 18:30:36,455 - \u1ea2nh test 110: Label = Fake, Similarity cao nhat voi anh that = 0.9532
2025-04-14 18:30:36,455 - \u1ea2nh test 111: Label = Fake, Similarity cao nhat voi anh that = 0.9352
2025-04-14 18:30:36,455 - \u1ea2nh test 112: Label = Fake, Similarity cao nhat voi anh that = 0.8848
2025-04-14 18:30:36,457 - \u1ea2nh test 113: Label = Fake, Similarity cao nhat voi anh that = 0.9167
2025-04-14 18:30:36,457 - \u1ea2nh test 114: Label = Fake, Similarity cao nhat voi anh that = 0.9326
2025-04-14 18:30:36,458 - \u1ea2nh test 115: Label = Fake, Similarity cao nhat voi anh that = 0.9581
2025-04-14 18:30:36,458 - \u1ea2nh test 116: Label = Fake, Similarity cao nhat voi anh that = 0.9433
2025-04-14 18:30:36,458 - \u1ea2nh test 117: Label = Fake, Similarity cao nhat voi anh that = 0.9823
2025-04-14 18:30:36,458 - \u1ea2nh test 118: Label = Fake, Similarity cao nhat voi anh that = 0.9110
2025-04-14 18:30:36,458 - \u1ea2nh test 119: Label = Fake, Similarity cao nhat voi anh that = 0.9283
2025-04-14 18:30:36,458 - \u1ea2nh test 120: Label = Fake, Similarity cao nhat voi anh that = 0.9853
2025-04-14 18:30:36,458 - \u1ea2nh test 121: Label = Fake, Similarity cao nhat voi anh that = 0.9181
2025-04-14 18:30:36,462 - \u1ea2nh test 122: Label = Fake, Similarity cao nhat voi anh that = 0.8781
2025-04-14 18:30:36,462 - \u1ea2nh test 123: Label = Fake, Similarity cao nhat voi anh that = 0.9756
2025-04-14 18:30:36,462 - \u1ea2nh test 124: Label = Fake, Similarity cao nhat voi anh that = 0.9113
2025-04-14 18:30:36,462 - \u1ea2nh test 125: Label = Fake, Similarity cao nhat voi anh that = 0.8824
2025-04-14 18:30:36,462 - \u1ea2nh test 126: Label = Fake, Similarity cao nhat voi anh that = 0.9169
2025-04-14 18:30:36,462 - \u1ea2nh test 127: Label = Fake, Similarity cao nhat voi anh that = 0.8718
2025-04-14 18:30:36,462 - \u1ea2nh test 128: Label = Fake, Similarity cao nhat voi anh that = 0.9322
2025-04-14 18:30:36,462 - \u1ea2nh test 129: Label = Fake, Similarity cao nhat voi anh that = 0.8912
2025-04-14 18:30:36,462 - \u1ea2nh test 130: Label = Fake, Similarity cao nhat voi anh that = 0.9133
2025-04-14 18:30:36,462 - \u1ea2nh test 131: Label = Fake, Similarity cao nhat voi anh that = 0.8913
2025-04-14 18:30:36,462 - \u1ea2nh test 132: Label = Fake, Similarity cao nhat voi anh that = 0.9490
2025-04-14 18:30:36,462 - \u1ea2nh test 133: Label = Fake, Similarity cao nhat voi anh that = 0.9759
2025-04-14 18:30:36,462 - \u1ea2nh test 134: Label = Fake, Similarity cao nhat voi anh that = 0.9519
2025-04-14 18:30:36,462 - \u1ea2nh test 135: Label = Fake, Similarity cao nhat voi anh that = 0.9801
2025-04-14 18:30:36,462 - \u1ea2nh test 136: Label = Fake, Similarity cao nhat voi anh that = 0.9397
2025-04-14 18:30:36,470 - \u1ea2nh test 137: Label = Fake, Similarity cao nhat voi anh that = 0.9445
2025-04-14 18:30:36,470 - \u1ea2nh test 138: Label = Fake, Similarity cao nhat voi anh that = 0.9062
2025-04-14 18:30:36,470 - \u1ea2nh test 139: Label = Fake, Similarity cao nhat voi anh that = 0.9326
2025-04-14 18:30:36,470 - \u1ea2nh test 140: Label = Fake, Similarity cao nhat voi anh that = 0.9621
2025-04-14 18:30:36,472 - \u1ea2nh test 141: Label = Fake, Similarity cao nhat voi anh that = 0.9718
2025-04-14 18:30:36,472 - \u1ea2nh test 142: Label = Fake, Similarity cao nhat voi anh that = 0.8831
2025-04-14 18:30:36,473 - \u1ea2nh test 143: Label = Fake, Similarity cao nhat voi anh that = 0.9342
2025-04-14 18:30:36,474 - \u1ea2nh test 144: Label = Fake, Similarity cao nhat voi anh that = 0.9407
2025-04-14 18:30:36,474 - \u1ea2nh test 145: Label = Fake, Similarity cao nhat voi anh that = 0.9352
2025-04-14 18:30:36,475 - \u1ea2nh test 146: Label = Fake, Similarity cao nhat voi anh that = 0.9216
2025-04-14 18:30:36,475 - \u1ea2nh test 147: Label = Fake, Similarity cao nhat voi anh that = 0.9362
2025-04-14 18:30:36,476 - \u1ea2nh test 148: Label = Fake, Similarity cao nhat voi anh that = 0.8920
2025-04-14 18:30:36,477 - \u1ea2nh test 149: Label = Fake, Similarity cao nhat voi anh that = 0.9244
2025-04-14 18:30:36,477 - \u1ea2nh test 150: Label = Fake, Similarity cao nhat voi anh that = 0.8993
2025-04-14 18:30:36,479 - \u1ea2nh test 151: Label = Fake, Similarity cao nhat voi anh that = 0.9387
2025-04-14 18:30:36,479 - \u1ea2nh test 152: Label = Fake, Similarity cao nhat voi anh that = 0.9441
2025-04-14 19:06:33,928 - B\u1eaft ð\u1ea7u hu\u1ea5n luy\u1ec7n mô h\xecnh
2025-04-14 19:07:50,373 - Ðánh giá mô h\xecnh trên t\u1eadp test
2025-04-14 19:07:50,853 - Test Loss: 0.5848, Test Accuracy: 79.61%
2025-04-14 19:07:50,853 - Epoch 1: Train Accuracy: 51.32%, Validation Accuracy: 52.63%, Train Loss: 2.9179, Validation Loss: 2.5535
2025-04-14 19:07:50,853 - Epoch 2: Train Accuracy: 49.34%, Validation Accuracy: 65.13%, Train Loss: 2.3023, Validation Loss: 2.0331
2025-04-14 19:07:50,853 - Epoch 3: Train Accuracy: 50.83%, Validation Accuracy: 56.58%, Train Loss: 1.8452, Validation Loss: 1.6538
2025-04-14 19:07:50,853 - Epoch 4: Train Accuracy: 53.63%, Validation Accuracy: 52.63%, Train Loss: 1.5199, Validation Loss: 1.3813
2025-04-14 19:07:50,853 - Epoch 5: Train Accuracy: 56.93%, Validation Accuracy: 59.21%, Train Loss: 1.2833, Validation Loss: 1.1899
2025-04-14 19:07:50,853 - Epoch 6: Train Accuracy: 60.23%, Validation Accuracy: 57.89%, Train Loss: 1.1133, Validation Loss: 1.0516
2025-04-14 19:07:50,853 - Epoch 7: Train Accuracy: 58.75%, Validation Accuracy: 63.82%, Train Loss: 0.9996, Validation Loss: 0.9479
2025-04-14 19:07:50,853 - Epoch 8: Train Accuracy: 62.71%, Validation Accuracy: 65.13%, Train Loss: 0.9152, Validation Loss: 0.8779
2025-04-14 19:07:50,853 - Epoch 9: Train Accuracy: 64.85%, Validation Accuracy: 71.05%, Train Loss: 0.8287, Validation Loss: 0.8114
2025-04-14 19:07:50,853 - Epoch 10: Train Accuracy: 68.81%, Validation Accuracy: 68.42%, Train Loss: 0.7590, Validation Loss: 0.7758
2025-04-14 19:07:50,853 - Epoch 11: Train Accuracy: 68.65%, Validation Accuracy: 74.34%, Train Loss: 0.7424, Validation Loss: 0.7299
2025-04-14 19:07:50,853 - Epoch 12: Train Accuracy: 74.26%, Validation Accuracy: 77.63%, Train Loss: 0.6954, Validation Loss: 0.7056
2025-04-14 19:07:50,853 - Epoch 13: Train Accuracy: 76.57%, Validation Accuracy: 76.32%, Train Loss: 0.6450, Validation Loss: 0.6700
2025-04-14 19:07:50,853 - Epoch 14: Train Accuracy: 79.70%, Validation Accuracy: 73.03%, Train Loss: 0.6056, Validation Loss: 0.6783
2025-04-14 19:07:50,853 - Epoch 15: Train Accuracy: 82.01%, Validation Accuracy: 76.32%, Train Loss: 0.5677, Validation Loss: 0.6425
2025-04-14 19:07:50,853 - Epoch 16: Train Accuracy: 84.65%, Validation Accuracy: 75.00%, Train Loss: 0.5286, Validation Loss: 0.6858
2025-04-14 19:07:50,853 - Epoch 17: Train Accuracy: 84.16%, Validation Accuracy: 75.00%, Train Loss: 0.4989, Validation Loss: 0.6372
2025-04-14 19:07:50,853 - Epoch 18: Train Accuracy: 83.66%, Validation Accuracy: 74.34%, Train Loss: 0.4983, Validation Loss: 0.6296
2025-04-14 19:07:50,853 - Epoch 19: Train Accuracy: 85.15%, Validation Accuracy: 76.97%, Train Loss: 0.4600, Validation Loss: 0.6690
2025-04-14 19:07:50,853 - Epoch 20: Train Accuracy: 88.12%, Validation Accuracy: 79.61%, Train Loss: 0.4295, Validation Loss: 0.5848
2025-04-14 19:13:59,395 - B\u1eaft ð\u1ea7u hu\u1ea5n luy\u1ec7n mô h\xecnh
2025-04-14 19:15:21,541 - Ðánh giá mô h\xecnh trên t\u1eadp test
2025-04-14 19:15:21,982 - Test Loss: 0.5554, Test Accuracy: 82.89%
2025-04-14 19:15:21,982 - Epoch 1: Train Accuracy: 48.18%, Validation Accuracy: 52.63%, Train Loss: 2.9150, Validation Loss: 2.5504
2025-04-14 19:15:21,982 - Epoch 2: Train Accuracy: 51.32%, Validation Accuracy: 52.63%, Train Loss: 2.2905, Validation Loss: 2.0168
2025-04-14 19:15:21,982 - Epoch 3: Train Accuracy: 53.96%, Validation Accuracy: 53.29%, Train Loss: 1.8261, Validation Loss: 1.6302
2025-04-14 19:15:21,988 - Epoch 4: Train Accuracy: 57.76%, Validation Accuracy: 53.29%, Train Loss: 1.4925, Validation Loss: 1.3536
2025-04-14 19:15:21,988 - Epoch 5: Train Accuracy: 61.88%, Validation Accuracy: 65.13%, Train Loss: 1.2539, Validation Loss: 1.1568
2025-04-14 19:15:21,988 - Epoch 6: Train Accuracy: 60.73%, Validation Accuracy: 67.11%, Train Loss: 1.0835, Validation Loss: 1.0125
2025-04-14 19:15:21,988 - Epoch 7: Train Accuracy: 63.70%, Validation Accuracy: 69.08%, Train Loss: 0.9520, Validation Loss: 0.9026
2025-04-14 19:15:21,988 - Epoch 8: Train Accuracy: 63.86%, Validation Accuracy: 71.05%, Train Loss: 0.8622, Validation Loss: 0.8307
2025-04-14 19:15:21,988 - Epoch 9: Train Accuracy: 69.64%, Validation Accuracy: 73.03%, Train Loss: 0.7798, Validation Loss: 0.7692
2025-04-14 19:15:21,988 - Epoch 10: Train Accuracy: 71.95%, Validation Accuracy: 75.00%, Train Loss: 0.7252, Validation Loss: 0.7260
2025-04-14 19:15:21,988 - Epoch 11: Train Accuracy: 73.76%, Validation Accuracy: 73.68%, Train Loss: 0.6850, Validation Loss: 0.7069
2025-04-14 19:15:21,988 - Epoch 12: Train Accuracy: 77.89%, Validation Accuracy: 78.29%, Train Loss: 0.6409, Validation Loss: 0.6794
2025-04-14 19:15:21,988 - Epoch 13: Train Accuracy: 77.23%, Validation Accuracy: 73.68%, Train Loss: 0.6104, Validation Loss: 0.6393
2025-04-14 19:15:21,988 - Epoch 14: Train Accuracy: 80.53%, Validation Accuracy: 76.32%, Train Loss: 0.5724, Validation Loss: 0.6270
2025-04-14 19:15:21,988 - Epoch 15: Train Accuracy: 82.34%, Validation Accuracy: 75.00%, Train Loss: 0.5299, Validation Loss: 0.6596
2025-04-14 19:15:21,989 - Epoch 16: Train Accuracy: 84.16%, Validation Accuracy: 79.61%, Train Loss: 0.4953, Validation Loss: 0.5957
2025-04-14 19:15:21,989 - Epoch 17: Train Accuracy: 85.48%, Validation Accuracy: 82.24%, Train Loss: 0.4687, Validation Loss: 0.5807
2025-04-14 19:15:21,989 - Epoch 18: Train Accuracy: 86.14%, Validation Accuracy: 82.24%, Train Loss: 0.4335, Validation Loss: 0.5740
2025-04-14 19:15:21,989 - Epoch 19: Train Accuracy: 89.11%, Validation Accuracy: 82.89%, Train Loss: 0.4170, Validation Loss: 0.5554
2025-04-14 19:15:21,989 - Epoch 20: Train Accuracy: 89.11%, Validation Accuracy: 83.55%, Train Loss: 0.3947, Validation Loss: 0.5835
